#
# There is insufficient memory for the Java Runtime Environment to continue.
# Native memory allocation (malloc) failed to allocate 32744 bytes for ChunkPool::allocate
# Possible reasons:
#   The system is out of physical RAM or swap space
#   The process is running with CompressedOops enabled, and the Java Heap may be blocking the growth of the native heap
# Possible solutions:
#   Reduce memory load on the system
#   Increase physical memory or swap space
#   Check if swap backing store is full
#   Decrease Java heap size (-Xmx/-Xms)
#   Decrease number of Java threads
#   Decrease Java thread stack sizes (-Xss)
#   Set larger code cache with -XX:ReservedCodeCacheSize=
#   JVM is running with Unscaled Compressed Oops mode in which the Java heap is
#     placed in the first 4GB address space. The Java Heap base address is the
#     maximum limit for the native heap growth. Please use -XX:HeapBaseMinAddress
#     to set the Java Heap base and to place the Java Heap above 4GB virtual address.
# This output file may be truncated or incomplete.
#
#  Out of Memory Error (arena.cpp:78), pid=8552, tid=13196
#
# JRE version: OpenJDK Runtime Environment JBR-17.0.8+7-1000.22-nomod (17.0.8+7) (build 17.0.8+7-b1000.22)
# Java VM: OpenJDK 64-Bit Server VM JBR-17.0.8+7-1000.22-nomod (17.0.8+7-b1000.22, mixed mode, tiered, compressed oops, compressed class ptrs, g1 gc, windows-amd64)
# No core dump will be written. Minidumps are not enabled by default on client versions of Windows
#

---------------  S U M M A R Y ------------

Command Line: -Dorg.gradle.internal.worker.tmpdir=C:\Users\Лев\IdeaProjects\TicketTerminal\build\tmp\test\work -Dorg.gradle.native=false -Xmx512m -Dfile.encoding=windows-1251 -Duser.country=RU -Duser.language=ru -Duser.variant -ea worker.org.gradle.process.internal.worker.GradleWorkerMain 'Gradle Test Executor 29'

Host: AMD Ryzen 5 3600 6-Core Processor              , 12 cores, 7G,  Windows 10 , 64 bit Build 19041 (10.0.19041.5438)
Time: Mon Jun  9 20:10:01 2025 RTZ 2 (s 10 , 64 bit Build 19041 (10.0.19041.5438) elapsed time: 0.237866 seconds (0d 0h 0m 0s)

---------------  T H R E A D  ---------------

Current thread (0x000001dd5a158530):  JavaThread "C2 CompilerThread0" daemon [_thread_in_native, id=13196, stack(0x0000003e0d800000,0x0000003e0d900000)]


Current CompileTask:
C2:    237  512       4       java.lang.StringBuilder::append (8 bytes)

Stack: [0x0000003e0d800000,0x0000003e0d900000]
Native frames: (J=compiled Java code, j=interpreted, Vv=VM code, C=native code)
V  [jvm.dll+0x6852da]


---------------  P R O C E S S  ---------------

Threads class SMR info:
_java_thread_list=0x000001dd5a51c260, length=12, elements={
0x000001dd4349ed30, 0x000001dd5a12b260, 0x000001dd5a12e0f0, 0x000001dd5a140e80,
0x000001dd5a143950, 0x000001dd5a144310, 0x000001dd5a144cd0, 0x000001dd5a158530,
0x000001dd5a15e440, 0x000001dd5a3b4020, 0x000001dd5a541400, 0x000001dd5a541cf0
}

Java Threads: ( => current thread )
  0x000001dd4349ed30 JavaThread "main" [_thread_in_vm, id=384, stack(0x0000003e0cb00000,0x0000003e0cc00000)]
  0x000001dd5a12b260 JavaThread "Reference Handler" daemon [_thread_blocked, id=1888, stack(0x0000003e0d200000,0x0000003e0d300000)]
  0x000001dd5a12e0f0 JavaThread "Finalizer" daemon [_thread_blocked, id=8540, stack(0x0000003e0d300000,0x0000003e0d400000)]
  0x000001dd5a140e80 JavaThread "Signal Dispatcher" daemon [_thread_blocked, id=4972, stack(0x0000003e0d400000,0x0000003e0d500000)]
  0x000001dd5a143950 JavaThread "Attach Listener" daemon [_thread_blocked, id=10704, stack(0x0000003e0d500000,0x0000003e0d600000)]
  0x000001dd5a144310 JavaThread "Service Thread" daemon [_thread_blocked, id=2000, stack(0x0000003e0d600000,0x0000003e0d700000)]
  0x000001dd5a144cd0 JavaThread "Monitor Deflation Thread" daemon [_thread_blocked, id=11464, stack(0x0000003e0d700000,0x0000003e0d800000)]
=>0x000001dd5a158530 JavaThread "C2 CompilerThread0" daemon [_thread_in_native, id=13196, stack(0x0000003e0d800000,0x0000003e0d900000)]
  0x000001dd5a15e440 JavaThread "C1 CompilerThread0" daemon [_thread_in_vm, id=6188, stack(0x0000003e0d900000,0x0000003e0da00000)]
  0x000001dd5a3b4020 JavaThread "Sweeper thread" daemon [_thread_blocked, id=10028, stack(0x0000003e0da00000,0x0000003e0db00000)]
  0x000001dd5a541400 JavaThread "Notification Thread" daemon [_thread_blocked, id=13076, stack(0x0000003e0db00000,0x0000003e0dc00000)]
  0x000001dd5a541cf0 JavaThread "Common-Cleaner" daemon [_thread_blocked, id=1336, stack(0x0000003e0dd00000,0x0000003e0de00000)]

Other Threads:
  0x000001dd5a1078e0 VMThread "VM Thread" [stack: 0x0000003e0d100000,0x0000003e0d200000] [id=4196]
  0x000001dd434e78d0 WatcherThread [stack: 0x0000003e0dc00000,0x0000003e0dd00000] [id=2576]
  0x000001dd434ccad0 GCTaskThread "GC Thread#0" [stack: 0x0000003e0cc00000,0x0000003e0cd00000] [id=12596]
  0x000001dd434d2a30 ConcurrentGCThread "G1 Main Marker" [stack: 0x0000003e0cd00000,0x0000003e0ce00000] [id=9900]
  0x000001dd434d3be0 ConcurrentGCThread "G1 Conc#0" [stack: 0x0000003e0ce00000,0x0000003e0cf00000] [id=3568]
  0x000001dd43555500 ConcurrentGCThread "G1 Refine#0" [stack: 0x0000003e0cf00000,0x0000003e0d000000] [id=12892]
  0x000001dd43555f30 ConcurrentGCThread "G1 Service" [stack: 0x0000003e0d000000,0x0000003e0d100000] [id=3768]

Threads with active compile tasks:
C2 CompilerThread0      243  512       4       java.lang.StringBuilder::append (8 bytes)
C1 CompilerThread0      243  537       3       jdk.internal.ref.CleanerFactory::cleaner (4 bytes)

VM state: not at safepoint (normal execution)

VM Mutex/Monitor currently owned by a thread:  ([mutex/lock_event])
[0x000001dd43498ec0] Metaspace_lock - owner thread: 0x000001dd4349ed30
[0x000001dd4349a500] MethodData_lock - owner thread: 0x000001dd5a15e440

Heap address: 0x00000000e0000000, size: 512 MB, Compressed Oops mode: 32-bit

CDS archive(s) not mapped
Compressed class space mapped at: 0x0000000100000000-0x0000000140000000, reserved size: 1073741824
Narrow klass base: 0x0000000000000000, Narrow klass shift: 3, Narrow klass range: 0x140000000

GC Precious Log:
 CPUs: 12 total, 12 available
 Memory: 8136M
 Large Page Support: Disabled
 NUMA Support: Disabled
 Compressed Oops: Enabled (32-bit)
 Heap Region Size: 1M
 Heap Min Capacity: 8M
 Heap Initial Capacity: 128M
 Heap Max Capacity: 512M
 Pre-touch: Disabled
 Parallel Workers: 10
 Concurrent Workers: 3
 Concurrent Refinement Workers: 10
 Periodic GC: Disabled

Heap:
 garbage-first heap   total 131072K, used 6144K [0x00000000e0000000, 0x0000000100000000)
  region size 1024K, 7 young (7168K), 0 survivors (0K)
 Metaspace       used 10304K, committed 10496K, reserved 1114112K
  class space    used 1030K, committed 1152K, reserved 1048576K

Heap Regions: E=young(eden), S=young(survivor), O=old, HS=humongous(starts), HC=humongous(continues), CS=collection set, F=free, OA=open archive, CA=closed archive, TAMS=top-at-mark-start (previous, next)
|   0|0x00000000e0000000, 0x00000000e0000000, 0x00000000e0100000|  0%| F|  |TAMS 0x00000000e0000000, 0x00000000e0000000| Untracked 
|   1|0x00000000e0100000, 0x00000000e0100000, 0x00000000e0200000|  0%| F|  |TAMS 0x00000000e0100000, 0x00000000e0100000| Untracked 
|   2|0x00000000e0200000, 0x00000000e0200000, 0x00000000e0300000|  0%| F|  |TAMS 0x00000000e0200000, 0x00000000e0200000| Untracked 
|   3|0x00000000e0300000, 0x00000000e0300000, 0x00000000e0400000|  0%| F|  |TAMS 0x00000000e0300000, 0x00000000e0300000| Untracked 
|   4|0x00000000e0400000, 0x00000000e0400000, 0x00000000e0500000|  0%| F|  |TAMS 0x00000000e0400000, 0x00000000e0400000| Untracked 
|   5|0x00000000e0500000, 0x00000000e0500000, 0x00000000e0600000|  0%| F|  |TAMS 0x00000000e0500000, 0x00000000e0500000| Untracked 
|   6|0x00000000e0600000, 0x00000000e0600000, 0x00000000e0700000|  0%| F|  |TAMS 0x00000000e0600000, 0x00000000e0600000| Untracked 
|   7|0x00000000e0700000, 0x00000000e0700000, 0x00000000e0800000|  0%| F|  |TAMS 0x00000000e0700000, 0x00000000e0700000| Untracked 
|   8|0x00000000e0800000, 0x00000000e0800000, 0x00000000e0900000|  0%| F|  |TAMS 0x00000000e0800000, 0x00000000e0800000| Untracked 
|   9|0x00000000e0900000, 0x00000000e0900000, 0x00000000e0a00000|  0%| F|  |TAMS 0x00000000e0900000, 0x00000000e0900000| Untracked 
|  10|0x00000000e0a00000, 0x00000000e0a00000, 0x00000000e0b00000|  0%| F|  |TAMS 0x00000000e0a00000, 0x00000000e0a00000| Untracked 
|  11|0x00000000e0b00000, 0x00000000e0b00000, 0x00000000e0c00000|  0%| F|  |TAMS 0x00000000e0b00000, 0x00000000e0b00000| Untracked 
|  12|0x00000000e0c00000, 0x00000000e0c00000, 0x00000000e0d00000|  0%| F|  |TAMS 0x00000000e0c00000, 0x00000000e0c00000| Untracked 
|  13|0x00000000e0d00000, 0x00000000e0d00000, 0x00000000e0e00000|  0%| F|  |TAMS 0x00000000e0d00000, 0x00000000e0d00000| Untracked 
|  14|0x00000000e0e00000, 0x00000000e0e00000, 0x00000000e0f00000|  0%| F|  |TAMS 0x00000000e0e00000, 0x00000000e0e00000| Untracked 
|  15|0x00000000e0f00000, 0x00000000e0f00000, 0x00000000e1000000|  0%| F|  |TAMS 0x00000000e0f00000, 0x00000000e0f00000| Untracked 
|  16|0x00000000e1000000, 0x00000000e1000000, 0x00000000e1100000|  0%| F|  |TAMS 0x00000000e1000000, 0x00000000e1000000| Untracked 
|  17|0x00000000e1100000, 0x00000000e1100000, 0x00000000e1200000|  0%| F|  |TAMS 0x00000000e1100000, 0x00000000e1100000| Untracked 
|  18|0x00000000e1200000, 0x00000000e1200000, 0x00000000e1300000|  0%| F|  |TAMS 0x00000000e1200000, 0x00000000e1200000| Untracked 
|  19|0x00000000e1300000, 0x00000000e1300000, 0x00000000e1400000|  0%| F|  |TAMS 0x00000000e1300000, 0x00000000e1300000| Untracked 
|  20|0x00000000e1400000, 0x00000000e1400000, 0x00000000e1500000|  0%| F|  |TAMS 0x00000000e1400000, 0x00000000e1400000| Untracked 
|  21|0x00000000e1500000, 0x00000000e1500000, 0x00000000e1600000|  0%| F|  |TAMS 0x00000000e1500000, 0x00000000e1500000| Untracked 
|  22|0x00000000e1600000, 0x00000000e1600000, 0x00000000e1700000|  0%| F|  |TAMS 0x00000000e1600000, 0x00000000e1600000| Untracked 
|  23|0x00000000e1700000, 0x00000000e1700000, 0x00000000e1800000|  0%| F|  |TAMS 0x00000000e1700000, 0x00000000e1700000| Untracked 
|  24|0x00000000e1800000, 0x00000000e1800000, 0x00000000e1900000|  0%| F|  |TAMS 0x00000000e1800000, 0x00000000e1800000| Untracked 
|  25|0x00000000e1900000, 0x00000000e1900000, 0x00000000e1a00000|  0%| F|  |TAMS 0x00000000e1900000, 0x00000000e1900000| Untracked 
|  26|0x00000000e1a00000, 0x00000000e1a00000, 0x00000000e1b00000|  0%| F|  |TAMS 0x00000000e1a00000, 0x00000000e1a00000| Untracked 
|  27|0x00000000e1b00000, 0x00000000e1b00000, 0x00000000e1c00000|  0%| F|  |TAMS 0x00000000e1b00000, 0x00000000e1b00000| Untracked 
|  28|0x00000000e1c00000, 0x00000000e1c00000, 0x00000000e1d00000|  0%| F|  |TAMS 0x00000000e1c00000, 0x00000000e1c00000| Untracked 
|  29|0x00000000e1d00000, 0x00000000e1d00000, 0x00000000e1e00000|  0%| F|  |TAMS 0x00000000e1d00000, 0x00000000e1d00000| Untracked 
|  30|0x00000000e1e00000, 0x00000000e1e00000, 0x00000000e1f00000|  0%| F|  |TAMS 0x00000000e1e00000, 0x00000000e1e00000| Untracked 
|  31|0x00000000e1f00000, 0x00000000e1f00000, 0x00000000e2000000|  0%| F|  |TAMS 0x00000000e1f00000, 0x00000000e1f00000| Untracked 
|  32|0x00000000e2000000, 0x00000000e2000000, 0x00000000e2100000|  0%| F|  |TAMS 0x00000000e2000000, 0x00000000e2000000| Untracked 
|  33|0x00000000e2100000, 0x00000000e2100000, 0x00000000e2200000|  0%| F|  |TAMS 0x00000000e2100000, 0x00000000e2100000| Untracked 
|  34|0x00000000e2200000, 0x00000000e2200000, 0x00000000e2300000|  0%| F|  |TAMS 0x00000000e2200000, 0x00000000e2200000| Untracked 
|  35|0x00000000e2300000, 0x00000000e2300000, 0x00000000e2400000|  0%| F|  |TAMS 0x00000000e2300000, 0x00000000e2300000| Untracked 
|  36|0x00000000e2400000, 0x00000000e2400000, 0x00000000e2500000|  0%| F|  |TAMS 0x00000000e2400000, 0x00000000e2400000| Untracked 
|  37|0x00000000e2500000, 0x00000000e2500000, 0x00000000e2600000|  0%| F|  |TAMS 0x00000000e2500000, 0x00000000e2500000| Untracked 
|  38|0x00000000e2600000, 0x00000000e2600000, 0x00000000e2700000|  0%| F|  |TAMS 0x00000000e2600000, 0x00000000e2600000| Untracked 
|  39|0x00000000e2700000, 0x00000000e2700000, 0x00000000e2800000|  0%| F|  |TAMS 0x00000000e2700000, 0x00000000e2700000| Untracked 
|  40|0x00000000e2800000, 0x00000000e2800000, 0x00000000e2900000|  0%| F|  |TAMS 0x00000000e2800000, 0x00000000e2800000| Untracked 
|  41|0x00000000e2900000, 0x00000000e2900000, 0x00000000e2a00000|  0%| F|  |TAMS 0x00000000e2900000, 0x00000000e2900000| Untracked 
|  42|0x00000000e2a00000, 0x00000000e2a00000, 0x00000000e2b00000|  0%| F|  |TAMS 0x00000000e2a00000, 0x00000000e2a00000| Untracked 
|  43|0x00000000e2b00000, 0x00000000e2b00000, 0x00000000e2c00000|  0%| F|  |TAMS 0x00000000e2b00000, 0x00000000e2b00000| Untracked 
|  44|0x00000000e2c00000, 0x00000000e2c00000, 0x00000000e2d00000|  0%| F|  |TAMS 0x00000000e2c00000, 0x00000000e2c00000| Untracked 
|  45|0x00000000e2d00000, 0x00000000e2d00000, 0x00000000e2e00000|  0%| F|  |TAMS 0x00000000e2d00000, 0x00000000e2d00000| Untracked 
|  46|0x00000000e2e00000, 0x00000000e2e00000, 0x00000000e2f00000|  0%| F|  |TAMS 0x00000000e2e00000, 0x00000000e2e00000| Untracked 
|  47|0x00000000e2f00000, 0x00000000e2f00000, 0x00000000e3000000|  0%| F|  |TAMS 0x00000000e2f00000, 0x00000000e2f00000| Untracked 
|  48|0x00000000e3000000, 0x00000000e3000000, 0x00000000e3100000|  0%| F|  |TAMS 0x00000000e3000000, 0x00000000e3000000| Untracked 
|  49|0x00000000e3100000, 0x00000000e3100000, 0x00000000e3200000|  0%| F|  |TAMS 0x00000000e3100000, 0x00000000e3100000| Untracked 
|  50|0x00000000e3200000, 0x00000000e3200000, 0x00000000e3300000|  0%| F|  |TAMS 0x00000000e3200000, 0x00000000e3200000| Untracked 
|  51|0x00000000e3300000, 0x00000000e3300000, 0x00000000e3400000|  0%| F|  |TAMS 0x00000000e3300000, 0x00000000e3300000| Untracked 
|  52|0x00000000e3400000, 0x00000000e3400000, 0x00000000e3500000|  0%| F|  |TAMS 0x00000000e3400000, 0x00000000e3400000| Untracked 
|  53|0x00000000e3500000, 0x00000000e3500000, 0x00000000e3600000|  0%| F|  |TAMS 0x00000000e3500000, 0x00000000e3500000| Untracked 
|  54|0x00000000e3600000, 0x00000000e3600000, 0x00000000e3700000|  0%| F|  |TAMS 0x00000000e3600000, 0x00000000e3600000| Untracked 
|  55|0x00000000e3700000, 0x00000000e3700000, 0x00000000e3800000|  0%| F|  |TAMS 0x00000000e3700000, 0x00000000e3700000| Untracked 
|  56|0x00000000e3800000, 0x00000000e3800000, 0x00000000e3900000|  0%| F|  |TAMS 0x00000000e3800000, 0x00000000e3800000| Untracked 
|  57|0x00000000e3900000, 0x00000000e3900000, 0x00000000e3a00000|  0%| F|  |TAMS 0x00000000e3900000, 0x00000000e3900000| Untracked 
|  58|0x00000000e3a00000, 0x00000000e3a00000, 0x00000000e3b00000|  0%| F|  |TAMS 0x00000000e3a00000, 0x00000000e3a00000| Untracked 
|  59|0x00000000e3b00000, 0x00000000e3b00000, 0x00000000e3c00000|  0%| F|  |TAMS 0x00000000e3b00000, 0x00000000e3b00000| Untracked 
|  60|0x00000000e3c00000, 0x00000000e3c00000, 0x00000000e3d00000|  0%| F|  |TAMS 0x00000000e3c00000, 0x00000000e3c00000| Untracked 
|  61|0x00000000e3d00000, 0x00000000e3d00000, 0x00000000e3e00000|  0%| F|  |TAMS 0x00000000e3d00000, 0x00000000e3d00000| Untracked 
|  62|0x00000000e3e00000, 0x00000000e3e00000, 0x00000000e3f00000|  0%| F|  |TAMS 0x00000000e3e00000, 0x00000000e3e00000| Untracked 
|  63|0x00000000e3f00000, 0x00000000e3f00000, 0x00000000e4000000|  0%| F|  |TAMS 0x00000000e3f00000, 0x00000000e3f00000| Untracked 
|  64|0x00000000e4000000, 0x00000000e4000000, 0x00000000e4100000|  0%| F|  |TAMS 0x00000000e4000000, 0x00000000e4000000| Untracked 
|  65|0x00000000e4100000, 0x00000000e4100000, 0x00000000e4200000|  0%| F|  |TAMS 0x00000000e4100000, 0x00000000e4100000| Untracked 
|  66|0x00000000e4200000, 0x00000000e4200000, 0x00000000e4300000|  0%| F|  |TAMS 0x00000000e4200000, 0x00000000e4200000| Untracked 
|  67|0x00000000e4300000, 0x00000000e4300000, 0x00000000e4400000|  0%| F|  |TAMS 0x00000000e4300000, 0x00000000e4300000| Untracked 
|  68|0x00000000e4400000, 0x00000000e4400000, 0x00000000e4500000|  0%| F|  |TAMS 0x00000000e4400000, 0x00000000e4400000| Untracked 
|  69|0x00000000e4500000, 0x00000000e4500000, 0x00000000e4600000|  0%| F|  |TAMS 0x00000000e4500000, 0x00000000e4500000| Untracked 
|  70|0x00000000e4600000, 0x00000000e4600000, 0x00000000e4700000|  0%| F|  |TAMS 0x00000000e4600000, 0x00000000e4600000| Untracked 
|  71|0x00000000e4700000, 0x00000000e4700000, 0x00000000e4800000|  0%| F|  |TAMS 0x00000000e4700000, 0x00000000e4700000| Untracked 
|  72|0x00000000e4800000, 0x00000000e4800000, 0x00000000e4900000|  0%| F|  |TAMS 0x00000000e4800000, 0x00000000e4800000| Untracked 
|  73|0x00000000e4900000, 0x00000000e4900000, 0x00000000e4a00000|  0%| F|  |TAMS 0x00000000e4900000, 0x00000000e4900000| Untracked 
|  74|0x00000000e4a00000, 0x00000000e4a00000, 0x00000000e4b00000|  0%| F|  |TAMS 0x00000000e4a00000, 0x00000000e4a00000| Untracked 
|  75|0x00000000e4b00000, 0x00000000e4b00000, 0x00000000e4c00000|  0%| F|  |TAMS 0x00000000e4b00000, 0x00000000e4b00000| Untracked 
|  76|0x00000000e4c00000, 0x00000000e4c00000, 0x00000000e4d00000|  0%| F|  |TAMS 0x00000000e4c00000, 0x00000000e4c00000| Untracked 
|  77|0x00000000e4d00000, 0x00000000e4d00000, 0x00000000e4e00000|  0%| F|  |TAMS 0x00000000e4d00000, 0x00000000e4d00000| Untracked 
|  78|0x00000000e4e00000, 0x00000000e4e00000, 0x00000000e4f00000|  0%| F|  |TAMS 0x00000000e4e00000, 0x00000000e4e00000| Untracked 
|  79|0x00000000e4f00000, 0x00000000e4f00000, 0x00000000e5000000|  0%| F|  |TAMS 0x00000000e4f00000, 0x00000000e4f00000| Untracked 
|  80|0x00000000e5000000, 0x00000000e5000000, 0x00000000e5100000|  0%| F|  |TAMS 0x00000000e5000000, 0x00000000e5000000| Untracked 
|  81|0x00000000e5100000, 0x00000000e5100000, 0x00000000e5200000|  0%| F|  |TAMS 0x00000000e5100000, 0x00000000e5100000| Untracked 
|  82|0x00000000e5200000, 0x00000000e5200000, 0x00000000e5300000|  0%| F|  |TAMS 0x00000000e5200000, 0x00000000e5200000| Untracked 
|  83|0x00000000e5300000, 0x00000000e5300000, 0x00000000e5400000|  0%| F|  |TAMS 0x00000000e5300000, 0x00000000e5300000| Untracked 
|  84|0x00000000e5400000, 0x00000000e5400000, 0x00000000e5500000|  0%| F|  |TAMS 0x00000000e5400000, 0x00000000e5400000| Untracked 
|  85|0x00000000e5500000, 0x00000000e5500000, 0x00000000e5600000|  0%| F|  |TAMS 0x00000000e5500000, 0x00000000e5500000| Untracked 
|  86|0x00000000e5600000, 0x00000000e5600000, 0x00000000e5700000|  0%| F|  |TAMS 0x00000000e5600000, 0x00000000e5600000| Untracked 
|  87|0x00000000e5700000, 0x00000000e5700000, 0x00000000e5800000|  0%| F|  |TAMS 0x00000000e5700000, 0x00000000e5700000| Untracked 
|  88|0x00000000e5800000, 0x00000000e5800000, 0x00000000e5900000|  0%| F|  |TAMS 0x00000000e5800000, 0x00000000e5800000| Untracked 
|  89|0x00000000e5900000, 0x00000000e5900000, 0x00000000e5a00000|  0%| F|  |TAMS 0x00000000e5900000, 0x00000000e5900000| Untracked 
|  90|0x00000000e5a00000, 0x00000000e5a00000, 0x00000000e5b00000|  0%| F|  |TAMS 0x00000000e5a00000, 0x00000000e5a00000| Untracked 
|  91|0x00000000e5b00000, 0x00000000e5b00000, 0x00000000e5c00000|  0%| F|  |TAMS 0x00000000e5b00000, 0x00000000e5b00000| Untracked 
|  92|0x00000000e5c00000, 0x00000000e5c00000, 0x00000000e5d00000|  0%| F|  |TAMS 0x00000000e5c00000, 0x00000000e5c00000| Untracked 
|  93|0x00000000e5d00000, 0x00000000e5d00000, 0x00000000e5e00000|  0%| F|  |TAMS 0x00000000e5d00000, 0x00000000e5d00000| Untracked 
|  94|0x00000000e5e00000, 0x00000000e5e00000, 0x00000000e5f00000|  0%| F|  |TAMS 0x00000000e5e00000, 0x00000000e5e00000| Untracked 
|  95|0x00000000e5f00000, 0x00000000e5f00000, 0x00000000e6000000|  0%| F|  |TAMS 0x00000000e5f00000, 0x00000000e5f00000| Untracked 
|  96|0x00000000e6000000, 0x00000000e6000000, 0x00000000e6100000|  0%| F|  |TAMS 0x00000000e6000000, 0x00000000e6000000| Untracked 
|  97|0x00000000e6100000, 0x00000000e6100000, 0x00000000e6200000|  0%| F|  |TAMS 0x00000000e6100000, 0x00000000e6100000| Untracked 
|  98|0x00000000e6200000, 0x00000000e6200000, 0x00000000e6300000|  0%| F|  |TAMS 0x00000000e6200000, 0x00000000e6200000| Untracked 
|  99|0x00000000e6300000, 0x00000000e6300000, 0x00000000e6400000|  0%| F|  |TAMS 0x00000000e6300000, 0x00000000e6300000| Untracked 
| 100|0x00000000e6400000, 0x00000000e6400000, 0x00000000e6500000|  0%| F|  |TAMS 0x00000000e6400000, 0x00000000e6400000| Untracked 
| 101|0x00000000e6500000, 0x00000000e6500000, 0x00000000e6600000|  0%| F|  |TAMS 0x00000000e6500000, 0x00000000e6500000| Untracked 
| 102|0x00000000e6600000, 0x00000000e6600000, 0x00000000e6700000|  0%| F|  |TAMS 0x00000000e6600000, 0x00000000e6600000| Untracked 
| 103|0x00000000e6700000, 0x00000000e6700000, 0x00000000e6800000|  0%| F|  |TAMS 0x00000000e6700000, 0x00000000e6700000| Untracked 
| 104|0x00000000e6800000, 0x00000000e6800000, 0x00000000e6900000|  0%| F|  |TAMS 0x00000000e6800000, 0x00000000e6800000| Untracked 
| 105|0x00000000e6900000, 0x00000000e6900000, 0x00000000e6a00000|  0%| F|  |TAMS 0x00000000e6900000, 0x00000000e6900000| Untracked 
| 106|0x00000000e6a00000, 0x00000000e6a00000, 0x00000000e6b00000|  0%| F|  |TAMS 0x00000000e6a00000, 0x00000000e6a00000| Untracked 
| 107|0x00000000e6b00000, 0x00000000e6b00000, 0x00000000e6c00000|  0%| F|  |TAMS 0x00000000e6b00000, 0x00000000e6b00000| Untracked 
| 108|0x00000000e6c00000, 0x00000000e6c00000, 0x00000000e6d00000|  0%| F|  |TAMS 0x00000000e6c00000, 0x00000000e6c00000| Untracked 
| 109|0x00000000e6d00000, 0x00000000e6d00000, 0x00000000e6e00000|  0%| F|  |TAMS 0x00000000e6d00000, 0x00000000e6d00000| Untracked 
| 110|0x00000000e6e00000, 0x00000000e6e00000, 0x00000000e6f00000|  0%| F|  |TAMS 0x00000000e6e00000, 0x00000000e6e00000| Untracked 
| 111|0x00000000e6f00000, 0x00000000e6f00000, 0x00000000e7000000|  0%| F|  |TAMS 0x00000000e6f00000, 0x00000000e6f00000| Untracked 
| 112|0x00000000e7000000, 0x00000000e7000000, 0x00000000e7100000|  0%| F|  |TAMS 0x00000000e7000000, 0x00000000e7000000| Untracked 
| 113|0x00000000e7100000, 0x00000000e7100000, 0x00000000e7200000|  0%| F|  |TAMS 0x00000000e7100000, 0x00000000e7100000| Untracked 
| 114|0x00000000e7200000, 0x00000000e7200000, 0x00000000e7300000|  0%| F|  |TAMS 0x00000000e7200000, 0x00000000e7200000| Untracked 
| 115|0x00000000e7300000, 0x00000000e7300000, 0x00000000e7400000|  0%| F|  |TAMS 0x00000000e7300000, 0x00000000e7300000| Untracked 
| 116|0x00000000e7400000, 0x00000000e7400000, 0x00000000e7500000|  0%| F|  |TAMS 0x00000000e7400000, 0x00000000e7400000| Untracked 
| 117|0x00000000e7500000, 0x00000000e7500000, 0x00000000e7600000|  0%| F|  |TAMS 0x00000000e7500000, 0x00000000e7500000| Untracked 
| 118|0x00000000e7600000, 0x00000000e7600000, 0x00000000e7700000|  0%| F|  |TAMS 0x00000000e7600000, 0x00000000e7600000| Untracked 
| 119|0x00000000e7700000, 0x00000000e7700000, 0x00000000e7800000|  0%| F|  |TAMS 0x00000000e7700000, 0x00000000e7700000| Untracked 
| 120|0x00000000e7800000, 0x00000000e7800000, 0x00000000e7900000|  0%| F|  |TAMS 0x00000000e7800000, 0x00000000e7800000| Untracked 
| 121|0x00000000e7900000, 0x00000000e79ec210, 0x00000000e7a00000| 92%| E|  |TAMS 0x00000000e7900000, 0x00000000e7900000| Complete 
| 122|0x00000000e7a00000, 0x00000000e7b00000, 0x00000000e7b00000|100%| E|CS|TAMS 0x00000000e7a00000, 0x00000000e7a00000| Complete 
| 123|0x00000000e7b00000, 0x00000000e7c00000, 0x00000000e7c00000|100%| E|CS|TAMS 0x00000000e7b00000, 0x00000000e7b00000| Complete 
| 124|0x00000000e7c00000, 0x00000000e7d00000, 0x00000000e7d00000|100%| E|CS|TAMS 0x00000000e7c00000, 0x00000000e7c00000| Complete 
| 125|0x00000000e7d00000, 0x00000000e7e00000, 0x00000000e7e00000|100%| E|CS|TAMS 0x00000000e7d00000, 0x00000000e7d00000| Complete 
| 126|0x00000000e7e00000, 0x00000000e7f00000, 0x00000000e7f00000|100%| E|CS|TAMS 0x00000000e7e00000, 0x00000000e7e00000| Complete 
| 127|0x00000000e7f00000, 0x00000000e8000000, 0x00000000e8000000|100%| E|CS|TAMS 0x00000000e7f00000, 0x00000000e7f00000| Complete 

Card table byte_map: [0x000001dd562c0000,0x000001dd563c0000] _byte_map_base: 0x000001dd55bc0000

Marking Bits (Prev, Next): (CMBitMap*) 0x000001dd434cd0f0, (CMBitMap*) 0x000001dd434cd130
 Prev Bits: [0x000001dd564c0000, 0x000001dd56cc0000)
 Next Bits: [0x000001dd56cc0000, 0x000001dd574c0000)

Polling page: 0x000001dd41230000

Metaspace:

Usage:
  Non-class:      9.06 MB used.
      Class:      1.01 MB used.
       Both:     10.06 MB used.

Virtual space:
  Non-class space:       64.00 MB reserved,       9.12 MB ( 14%) committed,  1 nodes.
      Class space:        1.00 GB reserved,       1.12 MB ( <1%) committed,  1 nodes.
             Both:        1.06 GB reserved,      10.25 MB ( <1%) committed. 

Chunk freelists:
   Non-Class:  6.79 MB
       Class:  14.73 MB
        Both:  21.53 MB

MaxMetaspaceSize: unlimited
CompressedClassSpaceSize: 1.00 GB
Initial GC threshold: 21.00 MB
Current GC threshold: 21.00 MB
CDS: off
MetaspaceReclaimPolicy: balanced
 - commit_granule_bytes: 65536.
 - commit_granule_words: 8192.
 - virtual_space_node_default_size: 8388608.
 - enlarge_chunks_in_place: 1.
 - new_chunks_are_fully_committed: 0.
 - uncommit_free_chunks: 1.
 - use_allocation_guard: 0.
 - handle_deallocations: 1.


Internal statistics:

num_allocs_failed_limit: 0.
num_arena_births: 44.
num_arena_deaths: 0.
num_vsnodes_births: 2.
num_vsnodes_deaths: 0.
num_space_committed: 164.
num_space_uncommitted: 0.
num_chunks_returned_to_freelist: 0.
num_chunks_taken_from_freelist: 120.
num_chunk_merges: 0.
num_chunk_splits: 60.
num_chunks_enlarged: 33.
num_inconsistent_stats: 0.

CodeHeap 'non-profiled nmethods': size=120000Kb used=157Kb max_used=157Kb free=119842Kb
 bounds [0x000001dd4e740000, 0x000001dd4e9b0000, 0x000001dd55c70000]
CodeHeap 'profiled nmethods': size=120000Kb used=798Kb max_used=798Kb free=119201Kb
 bounds [0x000001dd46c70000, 0x000001dd46ee0000, 0x000001dd4e1a0000]
CodeHeap 'non-nmethods': size=5760Kb used=1127Kb max_used=1142Kb free=4632Kb
 bounds [0x000001dd4e1a0000, 0x000001dd4e410000, 0x000001dd4e740000]
 total_blobs=945 nmethods=534 adapters=324
 compilation: enabled
              stopped_count=0, restarted_count=0
 full_count=0

Compilation events (20 events):
Event: 0.230 Thread 0x000001dd5a15e440 nmethod 511 0x000001dd46d24010 code [0x000001dd46d24420, 0x000001dd46d26758]
Event: 0.230 Thread 0x000001dd5a15e440  513       3       java.lang.invoke.MemberName::getReferenceKind (12 bytes)
Event: 0.230 Thread 0x000001dd5a15e440 nmethod 513 0x000001dd46d27810 code [0x000001dd46d279a0, 0x000001dd46d27ab8]
Event: 0.230 Thread 0x000001dd5a15e440  515       3       java.util.ImmutableCollections$Set12::iterator (9 bytes)
Event: 0.230 Thread 0x000001dd5a15e440 nmethod 515 0x000001dd46d27b90 code [0x000001dd46d27d40, 0x000001dd46d28018]
Event: 0.230 Thread 0x000001dd5a15e440  516       3       java.util.ImmutableCollections$Set12$1::<init> (32 bytes)
Event: 0.230 Thread 0x000001dd5a15e440 nmethod 516 0x000001dd46d28110 code [0x000001dd46d282c0, 0x000001dd46d284f8]
Event: 0.230 Thread 0x000001dd5a15e440  510   !   3       worker.org.gradle.internal.classloader.FilteringClassLoader::loadClass (62 bytes)
Event: 0.231 Thread 0x000001dd5a15e440 nmethod 510 0x000001dd46d28610 code [0x000001dd46d288c0, 0x000001dd46d294e8]
Event: 0.231 Thread 0x000001dd5a15e440  514       1       java.lang.invoke.MethodTypeForm::erasedType (5 bytes)
Event: 0.231 Thread 0x000001dd5a15e440 nmethod 514 0x000001dd4e765490 code [0x000001dd4e765620, 0x000001dd4e7656f8]
Event: 0.232 Thread 0x000001dd5a15e440  522       1       java.lang.invoke.MethodTypeForm::parameterSlotCount (5 bytes)
Event: 0.232 Thread 0x000001dd5a15e440 nmethod 522 0x000001dd4e766490 code [0x000001dd4e766620, 0x000001dd4e7666f8]
Event: 0.233 Thread 0x000001dd5a15e440  524       3       java.lang.reflect.Modifier::isStatic (13 bytes)
Event: 0.233 Thread 0x000001dd5a15e440 nmethod 524 0x000001dd46d29990 code [0x000001dd46d29b20, 0x000001dd46d29c78]
Event: 0.233 Thread 0x000001dd5a15e440  525       3       java.lang.invoke.MethodType::equals (56 bytes)
Event: 0.233 Thread 0x000001dd5a15e440 nmethod 525 0x000001dd46d29d10 code [0x000001dd46d29f40, 0x000001dd46d2aa58]
Event: 0.233 Thread 0x000001dd5a15e440  527       3       java.util.Arrays::equals (57 bytes)
Event: 0.234 Thread 0x000001dd5a15e440 nmethod 527 0x000001dd46d2ac10 code [0x000001dd46d2ae00, 0x000001dd46d2b3c8]
Event: 0.234 Thread 0x000001dd5a15e440  528       3       jdk.internal.org.objectweb.asm.Frame::execute (2305 bytes)

GC Heap History (0 events):
No events

Dll operation events (3 events):
Event: 0.005 Loaded shared library C:\Users\Лев\.jdks\jbr-17.0.8\bin\java.dll
Event: 0.022 Loaded shared library C:\Users\Лев\.jdks\jbr-17.0.8\bin\jsvml.dll
Event: 0.130 Loaded shared library C:\Users\Лев\.jdks\jbr-17.0.8\bin\verify.dll

Deoptimization events (4 events):
Event: 0.153 Thread 0x000001dd4349ed30 DEOPT PACKING pc=0x000001dd46c910e7 sp=0x0000003e0cbf7650
Event: 0.153 Thread 0x000001dd4349ed30 DEOPT UNPACKING pc=0x000001dd4e1f7143 sp=0x0000003e0cbf6a70 mode 0
Event: 0.162 Thread 0x000001dd4349ed30 DEOPT PACKING pc=0x000001dd46c880d1 sp=0x0000003e0cbfd040
Event: 0.162 Thread 0x000001dd4349ed30 DEOPT UNPACKING pc=0x000001dd4e1f7143 sp=0x0000003e0cbfc4b8 mode 0

Classes unloaded (0 events):
No events

Classes redefined (0 events):
No events

Internal exceptions (7 events):
Event: 0.105 Thread 0x000001dd4349ed30 Exception <a 'java/lang/NoSuchMethodError'{0x00000000e7e9f950}: 'void java.lang.invoke.DirectMethodHandle$Holder.invokeInterface(java.lang.Object, java.lang.Object, java.lang.Object)'> (0x00000000e7e9f950) 
thrown [s\src\hotspot\share\interpreter\linkResolver.cpp, line 771]
Event: 0.138 Thread 0x000001dd4349ed30 Exception <a 'java/lang/NoSuchMethodError'{0x00000000e7df3f68}: 'java.lang.Object java.lang.invoke.DirectMethodHandle$Holder.invokeStaticInit(java.lang.Object)'> (0x00000000e7df3f68) 
thrown [s\src\hotspot\share\interpreter\linkResolver.cpp, line 771]
Event: 0.138 Thread 0x000001dd4349ed30 Exception <a 'java/lang/NoSuchMethodError'{0x00000000e7df9f38}: 'java.lang.Object java.lang.invoke.Invokers$Holder.invoke_MT(java.lang.Object, java.lang.Object, java.lang.Object)'> (0x00000000e7df9f38) 
thrown [s\src\hotspot\share\interpreter\linkResolver.cpp, line 771]
Event: 0.192 Thread 0x000001dd4349ed30 Exception <a 'java/lang/NoSuchMethodError'{0x00000000e7bfed98}: static Ljava/lang/Object;.<clinit>()V> (0x00000000e7bfed98) 
thrown [s\src\hotspot\share\prims\jni.cpp, line 1108]
Event: 0.206 Thread 0x000001dd4349ed30 Exception <a 'java/lang/NoSuchMethodError'{0x00000000e7a5e620}: static Lorg/gradle/api/internal/tasks/testing/junitplatform/JUnitPlatformTestClassProcessorFactory;.<clinit>()V> (0x00000000e7a5e620) 
thrown [s\src\hotspot\share\prims\jni.cpp, line 1108]
Event: 0.207 Thread 0x000001dd4349ed30 Exception <a 'java/lang/NoSuchMethodError'{0x00000000e7a6c7b8}: static Lorg/gradle/api/internal/tasks/testing/junitplatform/JUnitPlatformSpec;.<clinit>()V> (0x00000000e7a6c7b8) 
thrown [s\src\hotspot\share\prims\jni.cpp, line 1108]
Event: 0.209 Thread 0x000001dd4349ed30 Exception <a 'java/lang/NoSuchMethodError'{0x00000000e7a89038}: static Lorg/gradle/api/internal/tasks/testing/filter/TestFilterSpec;.<clinit>()V> (0x00000000e7a89038) 
thrown [s\src\hotspot\share\prims\jni.cpp, line 1108]

VM Operations (10 events):
Event: 0.111 Executing VM operation: HandshakeAllThreads
Event: 0.111 Executing VM operation: HandshakeAllThreads done
Event: 0.166 Executing VM operation: HandshakeAllThreads
Event: 0.166 Executing VM operation: HandshakeAllThreads done
Event: 0.168 Executing VM operation: HandshakeAllThreads
Event: 0.168 Executing VM operation: HandshakeAllThreads done
Event: 0.184 Executing VM operation: HandshakeAllThreads
Event: 0.184 Executing VM operation: HandshakeAllThreads done
Event: 0.226 Executing VM operation: HandshakeAllThreads
Event: 0.226 Executing VM operation: HandshakeAllThreads done

Events (20 events):
Event: 0.234 loading class java/util/Hashtable$Enumerator
Event: 0.234 loading class java/util/Hashtable$Enumerator done
Event: 0.235 loading class java/util/ArrayList$ArrayListSpliterator
Event: 0.235 loading class java/util/ArrayList$ArrayListSpliterator done
Event: 0.235 loading class java/util/stream/ReferencePipeline$7
Event: 0.235 loading class java/util/stream/ReferencePipeline$7 done
Event: 0.235 loading class java/util/stream/FindOps
Event: 0.235 loading class java/util/stream/FindOps done
Event: 0.235 loading class java/util/stream/FindOps$FindSink$OfRef
Event: 0.235 loading class java/util/stream/FindOps$FindSink
Event: 0.235 loading class java/util/stream/FindOps$FindSink done
Event: 0.235 loading class java/util/stream/FindOps$FindSink$OfRef done
Event: 0.235 loading class java/util/stream/FindOps$FindOp
Event: 0.235 loading class java/util/stream/FindOps$FindOp done
Event: 0.236 loading class java/util/stream/ReferencePipeline$7$1
Event: 0.236 loading class java/util/stream/ReferencePipeline$7$1 done
Event: 0.236 loading class java/util/stream/Streams$StreamBuilderImpl
Event: 0.236 loading class java/util/stream/Stream$Builder
Event: 0.236 loading class java/util/stream/Stream$Builder done
Event: 0.236 loading class java/util/stream/Streams$AbstractStreamBuilderImpl


Dynamic libraries:
0x00007ff6bf9c0000 - 0x00007ff6bf9ca000 	C:\Users\Лев\.jdks\jbr-17.0.8\bin\java.exe
0x00007ff83b650000 - 0x00007ff83b848000 	C:\WINDOWS\SYSTEM32\ntdll.dll
0x00007ff839800000 - 0x00007ff8398c2000 	C:\WINDOWS\System32\KERNEL32.DLL
0x00007ff839160000 - 0x00007ff83945f000 	C:\WINDOWS\System32\KERNELBASE.dll
0x00007ff839540000 - 0x00007ff839640000 	C:\WINDOWS\System32\ucrtbase.dll
0x00007ff8206b0000 - 0x00007ff8206c7000 	C:\Users\Лев\.jdks\jbr-17.0.8\bin\jli.dll
0x00007ff828330000 - 0x00007ff82834b000 	C:\Users\Лев\.jdks\jbr-17.0.8\bin\VCRUNTIME140.dll
0x00007ff8398f0000 - 0x00007ff839a8d000 	C:\WINDOWS\System32\USER32.dll
0x00007ff82dda0000 - 0x00007ff82e03a000 	C:\WINDOWS\WinSxS\amd64_microsoft.windows.common-controls_6595b64144ccf1df_6.0.19041.4355_none_60b8b9eb71f62e16\COMCTL32.dll
0x00007ff839640000 - 0x00007ff839662000 	C:\WINDOWS\System32\win32u.dll
0x00007ff839700000 - 0x00007ff83972b000 	C:\WINDOWS\System32\GDI32.dll
0x00007ff839a90000 - 0x00007ff839b2e000 	C:\WINDOWS\System32\msvcrt.dll
0x00007ff838cf0000 - 0x00007ff838e0a000 	C:\WINDOWS\System32\gdi32full.dll
0x00007ff8390c0000 - 0x00007ff83915d000 	C:\WINDOWS\System32\msvcp_win.dll
0x00007ff83ae40000 - 0x00007ff83ae6f000 	C:\WINDOWS\System32\IMM32.DLL
0x00007ff834960000 - 0x00007ff83496c000 	C:\Users\Лев\.jdks\jbr-17.0.8\bin\vcruntime140_1.dll
0x00007ff80f490000 - 0x00007ff80f51d000 	C:\Users\Лев\.jdks\jbr-17.0.8\bin\msvcp140.dll
0x00007fffe20b0000 - 0x00007fffe2d33000 	C:\Users\Лев\.jdks\jbr-17.0.8\bin\server\jvm.dll
0x00007ff83b3a0000 - 0x00007ff83b44f000 	C:\WINDOWS\System32\ADVAPI32.dll
0x00007ff83a4e0000 - 0x00007ff83a57f000 	C:\WINDOWS\System32\sechost.dll
0x00007ff83a580000 - 0x00007ff83a6a3000 	C:\WINDOWS\System32\RPCRT4.dll
0x00007ff839460000 - 0x00007ff839487000 	C:\WINDOWS\System32\bcrypt.dll
0x00007ff838280000 - 0x00007ff8382cb000 	C:\WINDOWS\SYSTEM32\POWRPROF.dll
0x00007ff82b5c0000 - 0x00007ff82b5e7000 	C:\WINDOWS\SYSTEM32\WINMM.dll
0x00007ff832fd0000 - 0x00007ff832fda000 	C:\WINDOWS\SYSTEM32\VERSION.dll
0x00007ff820770000 - 0x00007ff820779000 	C:\WINDOWS\SYSTEM32\WSOCK32.dll
0x00007ff839b90000 - 0x00007ff839bfb000 	C:\WINDOWS\System32\WS2_32.dll
0x00007ff8380f0000 - 0x00007ff838102000 	C:\WINDOWS\SYSTEM32\UMPDC.dll
0x00007ff836b90000 - 0x00007ff836ba2000 	C:\WINDOWS\SYSTEM32\kernel.appcore.dll
0x00007ff8344c0000 - 0x00007ff8344ca000 	C:\Users\Лев\.jdks\jbr-17.0.8\bin\jimage.dll
0x00007ff8268a0000 - 0x00007ff826a84000 	C:\WINDOWS\SYSTEM32\DBGHELP.DLL
0x00007ff8182b0000 - 0x00007ff8182e4000 	C:\WINDOWS\SYSTEM32\dbgcore.DLL
0x00007ff839030000 - 0x00007ff8390b2000 	C:\WINDOWS\System32\bcryptPrimitives.dll
0x00007ff819e50000 - 0x00007ff819e75000 	C:\Users\Лев\.jdks\jbr-17.0.8\bin\java.dll
0x00007ff81e270000 - 0x00007ff81e288000 	C:\Users\Лев\.jdks\jbr-17.0.8\bin\zip.dll
0x00007ff80f3b0000 - 0x00007ff80f487000 	C:\Users\Лев\.jdks\jbr-17.0.8\bin\jsvml.dll
0x00007ff839ce0000 - 0x00007ff83a44d000 	C:\WINDOWS\System32\SHELL32.dll
0x00007ff836d90000 - 0x00007ff837534000 	C:\WINDOWS\SYSTEM32\windows.storage.dll
0x00007ff83a9b0000 - 0x00007ff83ad05000 	C:\WINDOWS\System32\combase.dll
0x00007ff838720000 - 0x00007ff83874b000 	C:\WINDOWS\SYSTEM32\Wldp.dll
0x00007ff839730000 - 0x00007ff8397fd000 	C:\WINDOWS\System32\OLEAUT32.dll
0x00007ff83a720000 - 0x00007ff83a7cd000 	C:\WINDOWS\System32\SHCORE.dll
0x00007ff83a6b0000 - 0x00007ff83a705000 	C:\WINDOWS\System32\shlwapi.dll
0x00007ff838c20000 - 0x00007ff838c45000 	C:\WINDOWS\SYSTEM32\profapi.dll
0x00007ff81dfa0000 - 0x00007ff81dfb9000 	C:\Users\Лев\.jdks\jbr-17.0.8\bin\net.dll
0x00007ff833790000 - 0x00007ff83389a000 	C:\WINDOWS\SYSTEM32\WINHTTP.dll
0x00007ff838480000 - 0x00007ff8384ec000 	C:\WINDOWS\system32\mswsock.dll
0x00007ff81bea0000 - 0x00007ff81beb6000 	C:\Users\Лев\.jdks\jbr-17.0.8\bin\nio.dll
0x00007ff828170000 - 0x00007ff828180000 	C:\Users\Лев\.jdks\jbr-17.0.8\bin\verify.dll

dbghelp: loaded successfully - version: 4.0.5 - missing functions: none
symbol engine: initialized successfully - sym options: 0x614 - pdb path: .;C:\Users\Лев\.jdks\jbr-17.0.8\bin;C:\WINDOWS\SYSTEM32;C:\WINDOWS\WinSxS\amd64_microsoft.windows.common-controls_6595b64144ccf1df_6.0.19041.4355_none_60b8b9eb71f62e16;C:\Users\Лев\.jdks\jbr-17.0.8\bin\server

VM Arguments:
jvm_args: -Dorg.gradle.internal.worker.tmpdir=C:\Users\Лев\IdeaProjects\TicketTerminal\build\tmp\test\work -Dorg.gradle.native=false -Xmx512m -Dfile.encoding=windows-1251 -Duser.country=RU -Duser.language=ru -Duser.variant -ea 
java_command: worker.org.gradle.process.internal.worker.GradleWorkerMain 'Gradle Test Executor 29'
java_class_path (initial): C:\\Users\\Лев\\.gradle\\caches\\8.2\\workerMain\\gradle-worker.jar;C:\\Users\\Лев\\IdeaProjects\\TicketTerminal\\build\\classes\\java\\test;C:\\Users\\Лев\\IdeaProjects\\TicketTerminal\\build\\classes\\java\\main;C:\\Users\\Лев\\.gradle\\caches\\modules-2\\files-2.1\\org.junit.platform\\junit-platform-engine\\1.7.0\\eadb73c5074a4ac71061defd00fc176152a4d12c\\junit-platform-engine-1.7.0.jar;C:\\Users\\Лев\\.gradle\\caches\\modules-2\\files-2.1\\org.junit.platform\\junit-platform-commons\\1.7.0\\84e309fbf21d857aac079a3c1fffd84284e1114d\\junit-platform-commons-1.7.0.jar;C:\\Users\\Лев\\.gradle\\caches\\modules-2\\files-2.1\\org.junit.jupiter\\junit-jupiter-engine\\5.7.0\\d9044d6b45e2232ddd53fa56c15333e43d1749fd\\junit-jupiter-engine-5.7.0.jar;C:\\Users\\Лев\\.gradle\\caches\\modules-2\\files-2.1\\org.junit.jupiter\\junit-jupiter-api\\5.7.0\\b25f3815c4c1860a73041e733a14a0379d00c4d5\\junit-jupiter-api-5.7.0.jar;C:\\Users\\Лев\\.gradle\\caches\\modules-2\\files-2.1\\org.apiguardian\\apiguardian-api\\1.1.0\\fc9dff4bb36d627bdc553de77e1f17efd790876c\\apiguardian-api-1.1.0.jar;C:\\Users\\Лев\\.gradle\\caches\\modules-2\\files-2.1\\org.opentest4j\\opentest4j\\1.2.0\\28c11eb91f9b6d8e200631d46e20a7f407f2a046\\opentest4j-1.2.0.jar;C:\\Users\\Лев\\.gradle\\wrapper\\dists\\gradle-8.2-bin\\bbg7u40eoinfdyxsxr3z4i7ta\\gradle-8.2\\lib\\plugins\\junit-platform-engine-1.8.2.jar;C:\\Users\\Лев\\.gradle\\wrapper\\dists\\gradle-8.2-bin\\bbg7u40eoinfdyxsxr3z4i7ta\\gradle-8.2\\lib\\plugins\\junit-platform-launcher-1.8.2.jar;C:\\Users\\Лев\\.gradle\\wrapper\\dists\\gradle-8.2-bin\\bbg7u40eoinfdyxsxr3z4i7ta\\gradle-8.2\\lib\\plugins\\junit-platform-commons-1.8.2.jar
Launcher Type: SUN_STANDARD

[Global flags]
     intx CICompilerCount                          = 4                                         {product} {ergonomic}
     uint ConcGCThreads                            = 3                                         {product} {ergonomic}
     uint G1ConcRefinementThreads                  = 10                                        {product} {ergonomic}
   size_t G1HeapRegionSize                         = 1048576                                   {product} {ergonomic}
    uintx GCDrainStackTargetSize                   = 64                                        {product} {ergonomic}
   size_t InitialHeapSize                          = 134217728                                 {product} {ergonomic}
   size_t MarkStackSize                            = 4194304                                   {product} {ergonomic}
   size_t MaxHeapSize                              = 536870912                                 {product} {command line}
   size_t MaxNewSize                               = 321912832                                 {product} {ergonomic}
   size_t MinHeapDeltaBytes                        = 1048576                                   {product} {ergonomic}
   size_t MinHeapSize                              = 8388608                                   {product} {ergonomic}
    uintx NonNMethodCodeHeapSize                   = 5839372                                {pd product} {ergonomic}
    uintx NonProfiledCodeHeapSize                  = 122909434                              {pd product} {ergonomic}
    uintx ProfiledCodeHeapSize                     = 122909434                              {pd product} {ergonomic}
    uintx ReservedCodeCacheSize                    = 251658240                              {pd product} {ergonomic}
     bool SegmentedCodeCache                       = true                                      {product} {ergonomic}
   size_t SoftMaxHeapSize                          = 536870912                              {manageable} {ergonomic}
     bool UseCompressedClassPointers               = true                           {product lp64_product} {ergonomic}
     bool UseCompressedOops                        = true                           {product lp64_product} {ergonomic}
     bool UseG1GC                                  = true                                      {product} {ergonomic}
     bool UseLargePagesIndividualAllocation        = false                                  {pd product} {ergonomic}

Logging:
Log output configuration:
 #0: stdout all=warning uptime,level,tags
 #1: stderr all=off uptime,level,tags

Environment Variables:
PATH=C:\Program Files (x86)\NVIDIA Corporation\PhysX\Common;C:\ProgramData\Oracle\Java\javapath;C:\Program Files (x86)\Common Files\Oracle\Java\javapath;C:\WINDOWS\system32;C:\WINDOWS;C:\WINDOWS\System32\Wbem;C:\WINDOWS\System32\WindowsPowerShell\v1.0\;C:\WINDOWS\System32\OpenSSH\;C:\Program Files\Docker\Docker\resources\bin;C:\Program Files\Git\cmd;C:\Users\Лев\AppData\Local\Programs\Python\Python312\Scripts\;C:\Users\Лев\AppData\Local\Programs\Python\Python312\;C:\Users\Лев\AppData\Local\Programs\Python\Launcher\;C:\Users\Лев\AppData\Local\Microsoft\WindowsApps;
USERNAME=Лев
OS=Windows_NT
PROCESSOR_IDENTIFIER=AMD64 Family 23 Model 113 Stepping 0, AuthenticAMD
TMP=C:\Users\A04D~1\AppData\Local\Temp
TEMP=C:\Users\A04D~1\AppData\Local\Temp


JNI global refs:
JNI global refs: 14, weak refs: 0

JNI global refs memory usage: 843, weak refs: 841

OOME stack traces (most recent first):
Classloader memory used:
