#
# There is insufficient memory for the Java Runtime Environment to continue.
# Native memory allocation (malloc) failed to allocate 32784 bytes for Chunk::new
# Possible reasons:
#   The system is out of physical RAM or swap space
#   The process is running with CompressedOops enabled, and the Java Heap may be blocking the growth of the native heap
# Possible solutions:
#   Reduce memory load on the system
#   Increase physical memory or swap space
#   Check if swap backing store is full
#   Decrease Java heap size (-Xmx/-Xms)
#   Decrease number of Java threads
#   Decrease Java thread stack sizes (-Xss)
#   Set larger code cache with -XX:ReservedCodeCacheSize=
#   JVM is running with Unscaled Compressed Oops mode in which the Java heap is
#     placed in the first 4GB address space. The Java Heap base address is the
#     maximum limit for the native heap growth. Please use -XX:HeapBaseMinAddress
#     to set the Java Heap base and to place the Java Heap above 4GB virtual address.
# This output file may be truncated or incomplete.
#
#  Out of Memory Error (arena.cpp:189), pid=5088, tid=7680
#
# JRE version: OpenJDK Runtime Environment JBR-17.0.8+7-1000.22-nomod (17.0.8+7) (build 17.0.8+7-b1000.22)
# Java VM: OpenJDK 64-Bit Server VM JBR-17.0.8+7-1000.22-nomod (17.0.8+7-b1000.22, mixed mode, tiered, compressed oops, compressed class ptrs, g1 gc, windows-amd64)
# No core dump will be written. Minidumps are not enabled by default on client versions of Windows
#

---------------  S U M M A R Y ------------

Command Line: -Dorg.gradle.internal.worker.tmpdir=C:\Users\Лев\IdeaProjects\TicketTerminal\build\tmp\test\work -Dorg.gradle.native=false -Xmx512m -Dfile.encoding=windows-1251 -Duser.country=RU -Duser.language=ru -Duser.variant -ea worker.org.gradle.process.internal.worker.GradleWorkerMain 'Gradle Test Executor 27'

Host: AMD Ryzen 5 3600 6-Core Processor              , 12 cores, 7G,  Windows 10 , 64 bit Build 19041 (10.0.19041.5438)
Time: Mon Jun  9 20:09:42 2025 RTZ 2 (s 10 , 64 bit Build 19041 (10.0.19041.5438) elapsed time: 0.468877 seconds (0d 0h 0m 0s)

---------------  T H R E A D  ---------------

Current thread (0x000001f05b651a00):  JavaThread "C1 CompilerThread0" daemon [_thread_in_native, id=7680, stack(0x0000003382d00000,0x0000003382e00000)]


Current CompileTask:
C1:    468 1023       3       java.net.URLStreamHandler::parseURL (1201 bytes)

Stack: [0x0000003382d00000,0x0000003382e00000]
Native frames: (J=compiled Java code, j=interpreted, Vv=VM code, C=native code)
V  [jvm.dll+0x6852da]


---------------  P R O C E S S  ---------------

Threads class SMR info:
_java_thread_list=0x000001f063b7db90, length=16, elements={
0x000001f04281db60, 0x000001f05b3b1a60, 0x000001f05b3b28e0, 0x000001f05b3e4920,
0x000001f05b3e54e0, 0x000001f05b642070, 0x000001f05b642940, 0x000001f05b646b30,
0x000001f05b651a00, 0x000001f05b652400, 0x000001f05b7b7e50, 0x000001f05b7cc0c0,
0x000001f0638fefc0, 0x000001f063b20b30, 0x000001f063c38550, 0x000001f063c38a30
}

Java Threads: ( => current thread )
  0x000001f04281db60 JavaThread "Test worker" [_thread_in_vm, id=8312, stack(0x0000003381f00000,0x0000003382000000)]
  0x000001f05b3b1a60 JavaThread "Reference Handler" daemon [_thread_blocked, id=4712, stack(0x0000003382600000,0x0000003382700000)]
  0x000001f05b3b28e0 JavaThread "Finalizer" daemon [_thread_blocked, id=13140, stack(0x0000003382700000,0x0000003382800000)]
  0x000001f05b3e4920 JavaThread "Signal Dispatcher" daemon [_thread_blocked, id=13236, stack(0x0000003382800000,0x0000003382900000)]
  0x000001f05b3e54e0 JavaThread "Attach Listener" daemon [_thread_blocked, id=1428, stack(0x0000003382900000,0x0000003382a00000)]
  0x000001f05b642070 JavaThread "Service Thread" daemon [_thread_blocked, id=1356, stack(0x0000003382a00000,0x0000003382b00000)]
  0x000001f05b642940 JavaThread "Monitor Deflation Thread" daemon [_thread_blocked, id=2844, stack(0x0000003382b00000,0x0000003382c00000)]
  0x000001f05b646b30 JavaThread "C2 CompilerThread0" daemon [_thread_blocked, id=11688, stack(0x0000003382c00000,0x0000003382d00000)]
=>0x000001f05b651a00 JavaThread "C1 CompilerThread0" daemon [_thread_in_native, id=7680, stack(0x0000003382d00000,0x0000003382e00000)]
  0x000001f05b652400 JavaThread "Sweeper thread" daemon [_thread_blocked, id=12280, stack(0x0000003382e00000,0x0000003382f00000)]
  0x000001f05b7b7e50 JavaThread "Notification Thread" daemon [_thread_blocked, id=7836, stack(0x0000003382f00000,0x0000003383000000)]
  0x000001f05b7cc0c0 JavaThread "Common-Cleaner" daemon [_thread_blocked, id=2656, stack(0x0000003383100000,0x0000003383200000)]
  0x000001f0638fefc0 JavaThread "C2 CompilerThread1" daemon [_thread_blocked, id=6308, stack(0x0000003383200000,0x0000003383300000)]
  0x000001f063b20b30 JavaThread "/127.0.0.1:58922 to /127.0.0.1:58921 workers" [_thread_blocked, id=4488, stack(0x0000003383400000,0x0000003383500000)]
  0x000001f063c38550 JavaThread "/127.0.0.1:58922 to /127.0.0.1:58921 workers Thread 2" [_thread_blocked, id=924, stack(0x0000003383500000,0x0000003383600000)]
  0x000001f063c38a30 JavaThread "/127.0.0.1:58922 to /127.0.0.1:58921 workers Thread 3" [_thread_in_native, id=1800, stack(0x0000003383600000,0x0000003383700000)]

Other Threads:
  0x000001f05b39bbe0 VMThread "VM Thread" [stack: 0x0000003382500000,0x0000003382600000] [id=9196]
  0x000001f042861190 WatcherThread [stack: 0x0000003383000000,0x0000003383100000] [id=1748]
  0x000001f04284b4c0 GCTaskThread "GC Thread#0" [stack: 0x0000003382000000,0x0000003382100000] [id=7912]
  0x000001f042851420 ConcurrentGCThread "G1 Main Marker" [stack: 0x0000003382100000,0x0000003382200000] [id=12404]
  0x000001f0428525d0 ConcurrentGCThread "G1 Conc#0" [stack: 0x0000003382200000,0x0000003382300000] [id=4900]
  0x000001f0428d63c0 ConcurrentGCThread "G1 Refine#0" [stack: 0x0000003382300000,0x0000003382400000] [id=3284]
  0x000001f05b200090 ConcurrentGCThread "G1 Service" [stack: 0x0000003382400000,0x0000003382500000] [id=12068]

Threads with active compile tasks:
C1 CompilerThread0      521 1023       3       java.net.URLStreamHandler::parseURL (1201 bytes)

VM state: not at safepoint (normal execution)

VM Mutex/Monitor currently owned by a thread: None

Heap address: 0x00000000e0000000, size: 512 MB, Compressed Oops mode: 32-bit

CDS archive(s) not mapped
Compressed class space mapped at: 0x0000000100000000-0x0000000140000000, reserved size: 1073741824
Narrow klass base: 0x0000000000000000, Narrow klass shift: 3, Narrow klass range: 0x140000000

GC Precious Log:
 CPUs: 12 total, 12 available
 Memory: 8136M
 Large Page Support: Disabled
 NUMA Support: Disabled
 Compressed Oops: Enabled (32-bit)
 Heap Region Size: 1M
 Heap Min Capacity: 8M
 Heap Initial Capacity: 128M
 Heap Max Capacity: 512M
 Pre-touch: Disabled
 Parallel Workers: 10
 Concurrent Workers: 3
 Concurrent Refinement Workers: 10
 Periodic GC: Disabled

Heap:
 garbage-first heap   total 131072K, used 20480K [0x00000000e0000000, 0x0000000100000000)
  region size 1024K, 21 young (21504K), 0 survivors (0K)
 Metaspace       used 15564K, committed 15808K, reserved 1114112K
  class space    used 1726K, committed 1856K, reserved 1048576K

Heap Regions: E=young(eden), S=young(survivor), O=old, HS=humongous(starts), HC=humongous(continues), CS=collection set, F=free, OA=open archive, CA=closed archive, TAMS=top-at-mark-start (previous, next)
|   0|0x00000000e0000000, 0x00000000e0000000, 0x00000000e0100000|  0%| F|  |TAMS 0x00000000e0000000, 0x00000000e0000000| Untracked 
|   1|0x00000000e0100000, 0x00000000e0100000, 0x00000000e0200000|  0%| F|  |TAMS 0x00000000e0100000, 0x00000000e0100000| Untracked 
|   2|0x00000000e0200000, 0x00000000e0200000, 0x00000000e0300000|  0%| F|  |TAMS 0x00000000e0200000, 0x00000000e0200000| Untracked 
|   3|0x00000000e0300000, 0x00000000e0300000, 0x00000000e0400000|  0%| F|  |TAMS 0x00000000e0300000, 0x00000000e0300000| Untracked 
|   4|0x00000000e0400000, 0x00000000e0400000, 0x00000000e0500000|  0%| F|  |TAMS 0x00000000e0400000, 0x00000000e0400000| Untracked 
|   5|0x00000000e0500000, 0x00000000e0500000, 0x00000000e0600000|  0%| F|  |TAMS 0x00000000e0500000, 0x00000000e0500000| Untracked 
|   6|0x00000000e0600000, 0x00000000e0600000, 0x00000000e0700000|  0%| F|  |TAMS 0x00000000e0600000, 0x00000000e0600000| Untracked 
|   7|0x00000000e0700000, 0x00000000e0700000, 0x00000000e0800000|  0%| F|  |TAMS 0x00000000e0700000, 0x00000000e0700000| Untracked 
|   8|0x00000000e0800000, 0x00000000e0800000, 0x00000000e0900000|  0%| F|  |TAMS 0x00000000e0800000, 0x00000000e0800000| Untracked 
|   9|0x00000000e0900000, 0x00000000e0900000, 0x00000000e0a00000|  0%| F|  |TAMS 0x00000000e0900000, 0x00000000e0900000| Untracked 
|  10|0x00000000e0a00000, 0x00000000e0a00000, 0x00000000e0b00000|  0%| F|  |TAMS 0x00000000e0a00000, 0x00000000e0a00000| Untracked 
|  11|0x00000000e0b00000, 0x00000000e0b00000, 0x00000000e0c00000|  0%| F|  |TAMS 0x00000000e0b00000, 0x00000000e0b00000| Untracked 
|  12|0x00000000e0c00000, 0x00000000e0c00000, 0x00000000e0d00000|  0%| F|  |TAMS 0x00000000e0c00000, 0x00000000e0c00000| Untracked 
|  13|0x00000000e0d00000, 0x00000000e0d00000, 0x00000000e0e00000|  0%| F|  |TAMS 0x00000000e0d00000, 0x00000000e0d00000| Untracked 
|  14|0x00000000e0e00000, 0x00000000e0e00000, 0x00000000e0f00000|  0%| F|  |TAMS 0x00000000e0e00000, 0x00000000e0e00000| Untracked 
|  15|0x00000000e0f00000, 0x00000000e0f00000, 0x00000000e1000000|  0%| F|  |TAMS 0x00000000e0f00000, 0x00000000e0f00000| Untracked 
|  16|0x00000000e1000000, 0x00000000e1000000, 0x00000000e1100000|  0%| F|  |TAMS 0x00000000e1000000, 0x00000000e1000000| Untracked 
|  17|0x00000000e1100000, 0x00000000e1100000, 0x00000000e1200000|  0%| F|  |TAMS 0x00000000e1100000, 0x00000000e1100000| Untracked 
|  18|0x00000000e1200000, 0x00000000e1200000, 0x00000000e1300000|  0%| F|  |TAMS 0x00000000e1200000, 0x00000000e1200000| Untracked 
|  19|0x00000000e1300000, 0x00000000e1300000, 0x00000000e1400000|  0%| F|  |TAMS 0x00000000e1300000, 0x00000000e1300000| Untracked 
|  20|0x00000000e1400000, 0x00000000e1400000, 0x00000000e1500000|  0%| F|  |TAMS 0x00000000e1400000, 0x00000000e1400000| Untracked 
|  21|0x00000000e1500000, 0x00000000e1500000, 0x00000000e1600000|  0%| F|  |TAMS 0x00000000e1500000, 0x00000000e1500000| Untracked 
|  22|0x00000000e1600000, 0x00000000e1600000, 0x00000000e1700000|  0%| F|  |TAMS 0x00000000e1600000, 0x00000000e1600000| Untracked 
|  23|0x00000000e1700000, 0x00000000e1700000, 0x00000000e1800000|  0%| F|  |TAMS 0x00000000e1700000, 0x00000000e1700000| Untracked 
|  24|0x00000000e1800000, 0x00000000e1800000, 0x00000000e1900000|  0%| F|  |TAMS 0x00000000e1800000, 0x00000000e1800000| Untracked 
|  25|0x00000000e1900000, 0x00000000e1900000, 0x00000000e1a00000|  0%| F|  |TAMS 0x00000000e1900000, 0x00000000e1900000| Untracked 
|  26|0x00000000e1a00000, 0x00000000e1a00000, 0x00000000e1b00000|  0%| F|  |TAMS 0x00000000e1a00000, 0x00000000e1a00000| Untracked 
|  27|0x00000000e1b00000, 0x00000000e1b00000, 0x00000000e1c00000|  0%| F|  |TAMS 0x00000000e1b00000, 0x00000000e1b00000| Untracked 
|  28|0x00000000e1c00000, 0x00000000e1c00000, 0x00000000e1d00000|  0%| F|  |TAMS 0x00000000e1c00000, 0x00000000e1c00000| Untracked 
|  29|0x00000000e1d00000, 0x00000000e1d00000, 0x00000000e1e00000|  0%| F|  |TAMS 0x00000000e1d00000, 0x00000000e1d00000| Untracked 
|  30|0x00000000e1e00000, 0x00000000e1e00000, 0x00000000e1f00000|  0%| F|  |TAMS 0x00000000e1e00000, 0x00000000e1e00000| Untracked 
|  31|0x00000000e1f00000, 0x00000000e1f00000, 0x00000000e2000000|  0%| F|  |TAMS 0x00000000e1f00000, 0x00000000e1f00000| Untracked 
|  32|0x00000000e2000000, 0x00000000e2000000, 0x00000000e2100000|  0%| F|  |TAMS 0x00000000e2000000, 0x00000000e2000000| Untracked 
|  33|0x00000000e2100000, 0x00000000e2100000, 0x00000000e2200000|  0%| F|  |TAMS 0x00000000e2100000, 0x00000000e2100000| Untracked 
|  34|0x00000000e2200000, 0x00000000e2200000, 0x00000000e2300000|  0%| F|  |TAMS 0x00000000e2200000, 0x00000000e2200000| Untracked 
|  35|0x00000000e2300000, 0x00000000e2300000, 0x00000000e2400000|  0%| F|  |TAMS 0x00000000e2300000, 0x00000000e2300000| Untracked 
|  36|0x00000000e2400000, 0x00000000e2400000, 0x00000000e2500000|  0%| F|  |TAMS 0x00000000e2400000, 0x00000000e2400000| Untracked 
|  37|0x00000000e2500000, 0x00000000e2500000, 0x00000000e2600000|  0%| F|  |TAMS 0x00000000e2500000, 0x00000000e2500000| Untracked 
|  38|0x00000000e2600000, 0x00000000e2600000, 0x00000000e2700000|  0%| F|  |TAMS 0x00000000e2600000, 0x00000000e2600000| Untracked 
|  39|0x00000000e2700000, 0x00000000e2700000, 0x00000000e2800000|  0%| F|  |TAMS 0x00000000e2700000, 0x00000000e2700000| Untracked 
|  40|0x00000000e2800000, 0x00000000e2800000, 0x00000000e2900000|  0%| F|  |TAMS 0x00000000e2800000, 0x00000000e2800000| Untracked 
|  41|0x00000000e2900000, 0x00000000e2900000, 0x00000000e2a00000|  0%| F|  |TAMS 0x00000000e2900000, 0x00000000e2900000| Untracked 
|  42|0x00000000e2a00000, 0x00000000e2a00000, 0x00000000e2b00000|  0%| F|  |TAMS 0x00000000e2a00000, 0x00000000e2a00000| Untracked 
|  43|0x00000000e2b00000, 0x00000000e2b00000, 0x00000000e2c00000|  0%| F|  |TAMS 0x00000000e2b00000, 0x00000000e2b00000| Untracked 
|  44|0x00000000e2c00000, 0x00000000e2c00000, 0x00000000e2d00000|  0%| F|  |TAMS 0x00000000e2c00000, 0x00000000e2c00000| Untracked 
|  45|0x00000000e2d00000, 0x00000000e2d00000, 0x00000000e2e00000|  0%| F|  |TAMS 0x00000000e2d00000, 0x00000000e2d00000| Untracked 
|  46|0x00000000e2e00000, 0x00000000e2e00000, 0x00000000e2f00000|  0%| F|  |TAMS 0x00000000e2e00000, 0x00000000e2e00000| Untracked 
|  47|0x00000000e2f00000, 0x00000000e2f00000, 0x00000000e3000000|  0%| F|  |TAMS 0x00000000e2f00000, 0x00000000e2f00000| Untracked 
|  48|0x00000000e3000000, 0x00000000e3000000, 0x00000000e3100000|  0%| F|  |TAMS 0x00000000e3000000, 0x00000000e3000000| Untracked 
|  49|0x00000000e3100000, 0x00000000e3100000, 0x00000000e3200000|  0%| F|  |TAMS 0x00000000e3100000, 0x00000000e3100000| Untracked 
|  50|0x00000000e3200000, 0x00000000e3200000, 0x00000000e3300000|  0%| F|  |TAMS 0x00000000e3200000, 0x00000000e3200000| Untracked 
|  51|0x00000000e3300000, 0x00000000e3300000, 0x00000000e3400000|  0%| F|  |TAMS 0x00000000e3300000, 0x00000000e3300000| Untracked 
|  52|0x00000000e3400000, 0x00000000e3400000, 0x00000000e3500000|  0%| F|  |TAMS 0x00000000e3400000, 0x00000000e3400000| Untracked 
|  53|0x00000000e3500000, 0x00000000e3500000, 0x00000000e3600000|  0%| F|  |TAMS 0x00000000e3500000, 0x00000000e3500000| Untracked 
|  54|0x00000000e3600000, 0x00000000e3600000, 0x00000000e3700000|  0%| F|  |TAMS 0x00000000e3600000, 0x00000000e3600000| Untracked 
|  55|0x00000000e3700000, 0x00000000e3700000, 0x00000000e3800000|  0%| F|  |TAMS 0x00000000e3700000, 0x00000000e3700000| Untracked 
|  56|0x00000000e3800000, 0x00000000e3800000, 0x00000000e3900000|  0%| F|  |TAMS 0x00000000e3800000, 0x00000000e3800000| Untracked 
|  57|0x00000000e3900000, 0x00000000e3900000, 0x00000000e3a00000|  0%| F|  |TAMS 0x00000000e3900000, 0x00000000e3900000| Untracked 
|  58|0x00000000e3a00000, 0x00000000e3a00000, 0x00000000e3b00000|  0%| F|  |TAMS 0x00000000e3a00000, 0x00000000e3a00000| Untracked 
|  59|0x00000000e3b00000, 0x00000000e3b00000, 0x00000000e3c00000|  0%| F|  |TAMS 0x00000000e3b00000, 0x00000000e3b00000| Untracked 
|  60|0x00000000e3c00000, 0x00000000e3c00000, 0x00000000e3d00000|  0%| F|  |TAMS 0x00000000e3c00000, 0x00000000e3c00000| Untracked 
|  61|0x00000000e3d00000, 0x00000000e3d00000, 0x00000000e3e00000|  0%| F|  |TAMS 0x00000000e3d00000, 0x00000000e3d00000| Untracked 
|  62|0x00000000e3e00000, 0x00000000e3e00000, 0x00000000e3f00000|  0%| F|  |TAMS 0x00000000e3e00000, 0x00000000e3e00000| Untracked 
|  63|0x00000000e3f00000, 0x00000000e3f00000, 0x00000000e4000000|  0%| F|  |TAMS 0x00000000e3f00000, 0x00000000e3f00000| Untracked 
|  64|0x00000000e4000000, 0x00000000e4000000, 0x00000000e4100000|  0%| F|  |TAMS 0x00000000e4000000, 0x00000000e4000000| Untracked 
|  65|0x00000000e4100000, 0x00000000e4100000, 0x00000000e4200000|  0%| F|  |TAMS 0x00000000e4100000, 0x00000000e4100000| Untracked 
|  66|0x00000000e4200000, 0x00000000e4200000, 0x00000000e4300000|  0%| F|  |TAMS 0x00000000e4200000, 0x00000000e4200000| Untracked 
|  67|0x00000000e4300000, 0x00000000e4300000, 0x00000000e4400000|  0%| F|  |TAMS 0x00000000e4300000, 0x00000000e4300000| Untracked 
|  68|0x00000000e4400000, 0x00000000e4400000, 0x00000000e4500000|  0%| F|  |TAMS 0x00000000e4400000, 0x00000000e4400000| Untracked 
|  69|0x00000000e4500000, 0x00000000e4500000, 0x00000000e4600000|  0%| F|  |TAMS 0x00000000e4500000, 0x00000000e4500000| Untracked 
|  70|0x00000000e4600000, 0x00000000e4600000, 0x00000000e4700000|  0%| F|  |TAMS 0x00000000e4600000, 0x00000000e4600000| Untracked 
|  71|0x00000000e4700000, 0x00000000e4700000, 0x00000000e4800000|  0%| F|  |TAMS 0x00000000e4700000, 0x00000000e4700000| Untracked 
|  72|0x00000000e4800000, 0x00000000e4800000, 0x00000000e4900000|  0%| F|  |TAMS 0x00000000e4800000, 0x00000000e4800000| Untracked 
|  73|0x00000000e4900000, 0x00000000e4900000, 0x00000000e4a00000|  0%| F|  |TAMS 0x00000000e4900000, 0x00000000e4900000| Untracked 
|  74|0x00000000e4a00000, 0x00000000e4a00000, 0x00000000e4b00000|  0%| F|  |TAMS 0x00000000e4a00000, 0x00000000e4a00000| Untracked 
|  75|0x00000000e4b00000, 0x00000000e4b00000, 0x00000000e4c00000|  0%| F|  |TAMS 0x00000000e4b00000, 0x00000000e4b00000| Untracked 
|  76|0x00000000e4c00000, 0x00000000e4c00000, 0x00000000e4d00000|  0%| F|  |TAMS 0x00000000e4c00000, 0x00000000e4c00000| Untracked 
|  77|0x00000000e4d00000, 0x00000000e4d00000, 0x00000000e4e00000|  0%| F|  |TAMS 0x00000000e4d00000, 0x00000000e4d00000| Untracked 
|  78|0x00000000e4e00000, 0x00000000e4e00000, 0x00000000e4f00000|  0%| F|  |TAMS 0x00000000e4e00000, 0x00000000e4e00000| Untracked 
|  79|0x00000000e4f00000, 0x00000000e4f00000, 0x00000000e5000000|  0%| F|  |TAMS 0x00000000e4f00000, 0x00000000e4f00000| Untracked 
|  80|0x00000000e5000000, 0x00000000e5000000, 0x00000000e5100000|  0%| F|  |TAMS 0x00000000e5000000, 0x00000000e5000000| Untracked 
|  81|0x00000000e5100000, 0x00000000e5100000, 0x00000000e5200000|  0%| F|  |TAMS 0x00000000e5100000, 0x00000000e5100000| Untracked 
|  82|0x00000000e5200000, 0x00000000e5200000, 0x00000000e5300000|  0%| F|  |TAMS 0x00000000e5200000, 0x00000000e5200000| Untracked 
|  83|0x00000000e5300000, 0x00000000e5300000, 0x00000000e5400000|  0%| F|  |TAMS 0x00000000e5300000, 0x00000000e5300000| Untracked 
|  84|0x00000000e5400000, 0x00000000e5400000, 0x00000000e5500000|  0%| F|  |TAMS 0x00000000e5400000, 0x00000000e5400000| Untracked 
|  85|0x00000000e5500000, 0x00000000e5500000, 0x00000000e5600000|  0%| F|  |TAMS 0x00000000e5500000, 0x00000000e5500000| Untracked 
|  86|0x00000000e5600000, 0x00000000e5600000, 0x00000000e5700000|  0%| F|  |TAMS 0x00000000e5600000, 0x00000000e5600000| Untracked 
|  87|0x00000000e5700000, 0x00000000e5700000, 0x00000000e5800000|  0%| F|  |TAMS 0x00000000e5700000, 0x00000000e5700000| Untracked 
|  88|0x00000000e5800000, 0x00000000e5800000, 0x00000000e5900000|  0%| F|  |TAMS 0x00000000e5800000, 0x00000000e5800000| Untracked 
|  89|0x00000000e5900000, 0x00000000e5900000, 0x00000000e5a00000|  0%| F|  |TAMS 0x00000000e5900000, 0x00000000e5900000| Untracked 
|  90|0x00000000e5a00000, 0x00000000e5a00000, 0x00000000e5b00000|  0%| F|  |TAMS 0x00000000e5a00000, 0x00000000e5a00000| Untracked 
|  91|0x00000000e5b00000, 0x00000000e5b00000, 0x00000000e5c00000|  0%| F|  |TAMS 0x00000000e5b00000, 0x00000000e5b00000| Untracked 
|  92|0x00000000e5c00000, 0x00000000e5c00000, 0x00000000e5d00000|  0%| F|  |TAMS 0x00000000e5c00000, 0x00000000e5c00000| Untracked 
|  93|0x00000000e5d00000, 0x00000000e5d00000, 0x00000000e5e00000|  0%| F|  |TAMS 0x00000000e5d00000, 0x00000000e5d00000| Untracked 
|  94|0x00000000e5e00000, 0x00000000e5e00000, 0x00000000e5f00000|  0%| F|  |TAMS 0x00000000e5e00000, 0x00000000e5e00000| Untracked 
|  95|0x00000000e5f00000, 0x00000000e5f00000, 0x00000000e6000000|  0%| F|  |TAMS 0x00000000e5f00000, 0x00000000e5f00000| Untracked 
|  96|0x00000000e6000000, 0x00000000e6000000, 0x00000000e6100000|  0%| F|  |TAMS 0x00000000e6000000, 0x00000000e6000000| Untracked 
|  97|0x00000000e6100000, 0x00000000e6100000, 0x00000000e6200000|  0%| F|  |TAMS 0x00000000e6100000, 0x00000000e6100000| Untracked 
|  98|0x00000000e6200000, 0x00000000e6200000, 0x00000000e6300000|  0%| F|  |TAMS 0x00000000e6200000, 0x00000000e6200000| Untracked 
|  99|0x00000000e6300000, 0x00000000e6300000, 0x00000000e6400000|  0%| F|  |TAMS 0x00000000e6300000, 0x00000000e6300000| Untracked 
| 100|0x00000000e6400000, 0x00000000e6400000, 0x00000000e6500000|  0%| F|  |TAMS 0x00000000e6400000, 0x00000000e6400000| Untracked 
| 101|0x00000000e6500000, 0x00000000e6500000, 0x00000000e6600000|  0%| F|  |TAMS 0x00000000e6500000, 0x00000000e6500000| Untracked 
| 102|0x00000000e6600000, 0x00000000e6600000, 0x00000000e6700000|  0%| F|  |TAMS 0x00000000e6600000, 0x00000000e6600000| Untracked 
| 103|0x00000000e6700000, 0x00000000e6700000, 0x00000000e6800000|  0%| F|  |TAMS 0x00000000e6700000, 0x00000000e6700000| Untracked 
| 104|0x00000000e6800000, 0x00000000e6800000, 0x00000000e6900000|  0%| F|  |TAMS 0x00000000e6800000, 0x00000000e6800000| Untracked 
| 105|0x00000000e6900000, 0x00000000e6900000, 0x00000000e6a00000|  0%| F|  |TAMS 0x00000000e6900000, 0x00000000e6900000| Untracked 
| 106|0x00000000e6a00000, 0x00000000e6a00000, 0x00000000e6b00000|  0%| F|  |TAMS 0x00000000e6a00000, 0x00000000e6a00000| Untracked 
| 107|0x00000000e6b00000, 0x00000000e6beff00, 0x00000000e6c00000| 93%| E|  |TAMS 0x00000000e6b00000, 0x00000000e6b00000| Complete 
| 108|0x00000000e6c00000, 0x00000000e6d00000, 0x00000000e6d00000|100%| E|CS|TAMS 0x00000000e6c00000, 0x00000000e6c00000| Complete 
| 109|0x00000000e6d00000, 0x00000000e6e00000, 0x00000000e6e00000|100%| E|CS|TAMS 0x00000000e6d00000, 0x00000000e6d00000| Complete 
| 110|0x00000000e6e00000, 0x00000000e6f00000, 0x00000000e6f00000|100%| E|CS|TAMS 0x00000000e6e00000, 0x00000000e6e00000| Complete 
| 111|0x00000000e6f00000, 0x00000000e7000000, 0x00000000e7000000|100%| E|CS|TAMS 0x00000000e6f00000, 0x00000000e6f00000| Complete 
| 112|0x00000000e7000000, 0x00000000e7100000, 0x00000000e7100000|100%| E|CS|TAMS 0x00000000e7000000, 0x00000000e7000000| Complete 
| 113|0x00000000e7100000, 0x00000000e7200000, 0x00000000e7200000|100%| E|CS|TAMS 0x00000000e7100000, 0x00000000e7100000| Complete 
| 114|0x00000000e7200000, 0x00000000e7300000, 0x00000000e7300000|100%| E|CS|TAMS 0x00000000e7200000, 0x00000000e7200000| Complete 
| 115|0x00000000e7300000, 0x00000000e7400000, 0x00000000e7400000|100%| E|CS|TAMS 0x00000000e7300000, 0x00000000e7300000| Complete 
| 116|0x00000000e7400000, 0x00000000e7500000, 0x00000000e7500000|100%| E|CS|TAMS 0x00000000e7400000, 0x00000000e7400000| Complete 
| 117|0x00000000e7500000, 0x00000000e7600000, 0x00000000e7600000|100%| E|CS|TAMS 0x00000000e7500000, 0x00000000e7500000| Complete 
| 118|0x00000000e7600000, 0x00000000e7700000, 0x00000000e7700000|100%| E|CS|TAMS 0x00000000e7600000, 0x00000000e7600000| Complete 
| 119|0x00000000e7700000, 0x00000000e7800000, 0x00000000e7800000|100%| E|CS|TAMS 0x00000000e7700000, 0x00000000e7700000| Complete 
| 120|0x00000000e7800000, 0x00000000e7900000, 0x00000000e7900000|100%| E|CS|TAMS 0x00000000e7800000, 0x00000000e7800000| Complete 
| 121|0x00000000e7900000, 0x00000000e7a00000, 0x00000000e7a00000|100%| E|CS|TAMS 0x00000000e7900000, 0x00000000e7900000| Complete 
| 122|0x00000000e7a00000, 0x00000000e7b00000, 0x00000000e7b00000|100%| E|CS|TAMS 0x00000000e7a00000, 0x00000000e7a00000| Complete 
| 123|0x00000000e7b00000, 0x00000000e7c00000, 0x00000000e7c00000|100%| E|CS|TAMS 0x00000000e7b00000, 0x00000000e7b00000| Complete 
| 124|0x00000000e7c00000, 0x00000000e7d00000, 0x00000000e7d00000|100%| E|CS|TAMS 0x00000000e7c00000, 0x00000000e7c00000| Complete 
| 125|0x00000000e7d00000, 0x00000000e7e00000, 0x00000000e7e00000|100%| E|CS|TAMS 0x00000000e7d00000, 0x00000000e7d00000| Complete 
| 126|0x00000000e7e00000, 0x00000000e7f00000, 0x00000000e7f00000|100%| E|CS|TAMS 0x00000000e7e00000, 0x00000000e7e00000| Complete 
| 127|0x00000000e7f00000, 0x00000000e8000000, 0x00000000e8000000|100%| E|CS|TAMS 0x00000000e7f00000, 0x00000000e7f00000| Complete 

Card table byte_map: [0x000001f057550000,0x000001f057650000] _byte_map_base: 0x000001f056e50000

Marking Bits (Prev, Next): (CMBitMap*) 0x000001f04284bae0, (CMBitMap*) 0x000001f04284bb20
 Prev Bits: [0x000001f057750000, 0x000001f057f50000)
 Next Bits: [0x000001f057f50000, 0x000001f058750000)

Polling page: 0x000001f042640000

Metaspace:

Usage:
  Non-class:     13.55 MB used.
      Class:      1.69 MB used.
       Both:     15.24 MB used.

Virtual space:
  Non-class space:       64.00 MB reserved,      13.69 MB ( 21%) committed,  1 nodes.
      Class space:        1.00 GB reserved,       1.81 MB ( <1%) committed,  1 nodes.
             Both:        1.06 GB reserved,      15.50 MB (  1%) committed. 

Chunk freelists:
   Non-Class:  1.97 MB
       Class:  14.08 MB
        Both:  16.05 MB

MaxMetaspaceSize: unlimited
CompressedClassSpaceSize: 1.00 GB
Initial GC threshold: 21.00 MB
Current GC threshold: 21.00 MB
CDS: off
MetaspaceReclaimPolicy: balanced
 - commit_granule_bytes: 65536.
 - commit_granule_words: 8192.
 - virtual_space_node_default_size: 8388608.
 - enlarge_chunks_in_place: 1.
 - new_chunks_are_fully_committed: 0.
 - uncommit_free_chunks: 1.
 - use_allocation_guard: 0.
 - handle_deallocations: 1.


Internal statistics:

num_allocs_failed_limit: 0.
num_arena_births: 102.
num_arena_deaths: 0.
num_vsnodes_births: 2.
num_vsnodes_deaths: 0.
num_space_committed: 248.
num_space_uncommitted: 0.
num_chunks_returned_to_freelist: 0.
num_chunks_taken_from_freelist: 304.
num_chunk_merges: 0.
num_chunk_splits: 166.
num_chunks_enlarged: 106.
num_inconsistent_stats: 0.

CodeHeap 'non-profiled nmethods': size=120000Kb used=356Kb max_used=356Kb free=119643Kb
 bounds [0x000001f04f2a0000, 0x000001f04f510000, 0x000001f0567d0000]
CodeHeap 'profiled nmethods': size=120000Kb used=1883Kb max_used=1883Kb free=118116Kb
 bounds [0x000001f0477d0000, 0x000001f047a40000, 0x000001f04ed00000]
CodeHeap 'non-nmethods': size=5760Kb used=1161Kb max_used=1187Kb free=4598Kb
 bounds [0x000001f04ed00000, 0x000001f04ef70000, 0x000001f04f2a0000]
 total_blobs=1510 nmethods=1055 adapters=368
 compilation: enabled
              stopped_count=0, restarted_count=0
 full_count=0

Compilation events (20 events):
Event: 0.459 Thread 0x000001f05b651a00 1016       3       java.security.AccessController::executePrivileged (65 bytes)
Event: 0.459 Thread 0x000001f05b651a00 nmethod 1016 0x000001f0479a4290 code [0x000001f0479a4460, 0x000001f0479a4758]
Event: 0.459 Thread 0x000001f05b651a00 1017       3       java.lang.invoke.MemberName::isCallerSensitive (8 bytes)
Event: 0.460 Thread 0x000001f0638fefc0 nmethod 1015 0x000001f04f2eca90 code [0x000001f04f2ecc00, 0x000001f04f2eccd8]
Event: 0.460 Thread 0x000001f05b651a00 nmethod 1017 0x000001f0479a4890 code [0x000001f0479a4a40, 0x000001f0479a4c78]
Event: 0.460 Thread 0x000001f05b651a00 1018       1       java.lang.invoke.InfoFromMemberName::getReferenceKind (5 bytes)
Event: 0.460 Thread 0x000001f05b651a00 nmethod 1018 0x000001f04f2ecd90 code [0x000001f04f2ecf20, 0x000001f04f2ecff8]
Event: 0.460 Thread 0x000001f05b651a00 1019       3       java.lang.invoke.MethodType::basicType (8 bytes)
Event: 0.460 Thread 0x000001f05b651a00 nmethod 1019 0x000001f0479a4d90 code [0x000001f0479a4f20, 0x000001f0479a5058]
Event: 0.460 Thread 0x000001f05b651a00 1020       3       java.lang.invoke.MethodHandles$Lookup::checkAccess (232 bytes)
Event: 0.460 Thread 0x000001f05b646b30 1021       4       jdk.internal.jimage.ImageStringsReader::unmaskedHashCode (166 bytes)
Event: 0.461 Thread 0x000001f05b651a00 nmethod 1020 0x000001f0479a5110 code [0x000001f0479a5400, 0x000001f0479a6498]
Event: 0.461 Thread 0x000001f05b651a00 1022       3       sun.net.www.protocol.file.Handler::parseURL (18 bytes)
Event: 0.461 Thread 0x000001f05b651a00 nmethod 1022 0x000001f0479a6910 code [0x000001f0479a6ac0, 0x000001f0479a6c78]
Event: 0.461 Thread 0x000001f05b651a00 1023       3       java.net.URLStreamHandler::parseURL (1201 bytes)
Event: 0.464 Thread 0x000001f0638fefc0 1030       4       java.lang.StringBuilder::<init> (7 bytes)
Event: 0.465 Thread 0x000001f05b646b30 nmethod 1021 0x000001f04f2ed690 code [0x000001f04f2ed820, 0x000001f04f2edc58]
Event: 0.465 Thread 0x000001f05b646b30 1032       4       java.lang.String::checkBoundsOffCount (64 bytes)
Event: 0.465 Thread 0x000001f05b646b30 nmethod 1032 0x000001f04f2ede10 code [0x000001f04f2edf80, 0x000001f04f2ee038]
Event: 0.465 Thread 0x000001f0638fefc0 nmethod 1030 0x000001f04f2ee110 code [0x000001f04f2ee2a0, 0x000001f04f2ee458]

GC Heap History (0 events):
No events

Dll operation events (3 events):
Event: 0.005 Loaded shared library C:\Users\Лев\.jdks\jbr-17.0.8\bin\java.dll
Event: 0.023 Loaded shared library C:\Users\Лев\.jdks\jbr-17.0.8\bin\jsvml.dll
Event: 0.131 Loaded shared library C:\Users\Лев\.jdks\jbr-17.0.8\bin\verify.dll

Deoptimization events (20 events):
Event: 0.460 Thread 0x000001f04281db60 Uncommon trap: trap_request=0xffffffbe fr.pc=0x000001f04f2ebc84 relative=0x00000000000003e4
Event: 0.460 Thread 0x000001f04281db60 Uncommon trap: reason=profile_predicate action=maybe_recompile pc=0x000001f04f2ebc84 method=jdk.internal.jimage.ImageStringsReader.unmaskedHashCode(Ljava/lang/String;I)I @ 13 c2
Event: 0.460 Thread 0x000001f04281db60 DEOPT PACKING pc=0x000001f04f2ebc84 sp=0x0000003381ffd810
Event: 0.460 Thread 0x000001f04281db60 DEOPT UNPACKING pc=0x000001f04ed569a3 sp=0x0000003381ffd778 mode 2
Event: 0.460 Thread 0x000001f04281db60 Uncommon trap: trap_request=0xffffffbe fr.pc=0x000001f04f2ebc84 relative=0x00000000000003e4
Event: 0.460 Thread 0x000001f04281db60 Uncommon trap: reason=profile_predicate action=maybe_recompile pc=0x000001f04f2ebc84 method=jdk.internal.jimage.ImageStringsReader.unmaskedHashCode(Ljava/lang/String;I)I @ 13 c2
Event: 0.460 Thread 0x000001f04281db60 DEOPT PACKING pc=0x000001f04f2ebc84 sp=0x0000003381ffd810
Event: 0.460 Thread 0x000001f04281db60 DEOPT UNPACKING pc=0x000001f04ed569a3 sp=0x0000003381ffd778 mode 2
Event: 0.460 Thread 0x000001f04281db60 Uncommon trap: trap_request=0xffffffbe fr.pc=0x000001f04f2ebc84 relative=0x00000000000003e4
Event: 0.460 Thread 0x000001f04281db60 Uncommon trap: reason=profile_predicate action=maybe_recompile pc=0x000001f04f2ebc84 method=jdk.internal.jimage.ImageStringsReader.unmaskedHashCode(Ljava/lang/String;I)I @ 13 c2
Event: 0.460 Thread 0x000001f04281db60 DEOPT PACKING pc=0x000001f04f2ebc84 sp=0x0000003381ffd810
Event: 0.460 Thread 0x000001f04281db60 DEOPT UNPACKING pc=0x000001f04ed569a3 sp=0x0000003381ffd778 mode 2
Event: 0.460 Thread 0x000001f04281db60 Uncommon trap: trap_request=0xffffffbe fr.pc=0x000001f04f2ebc84 relative=0x00000000000003e4
Event: 0.460 Thread 0x000001f04281db60 Uncommon trap: reason=profile_predicate action=maybe_recompile pc=0x000001f04f2ebc84 method=jdk.internal.jimage.ImageStringsReader.unmaskedHashCode(Ljava/lang/String;I)I @ 13 c2
Event: 0.460 Thread 0x000001f04281db60 DEOPT PACKING pc=0x000001f04f2ebc84 sp=0x0000003381ffd810
Event: 0.460 Thread 0x000001f04281db60 DEOPT UNPACKING pc=0x000001f04ed569a3 sp=0x0000003381ffd778 mode 2
Event: 0.461 Thread 0x000001f04281db60 Uncommon trap: trap_request=0xffffffc6 fr.pc=0x000001f04f2dec6c relative=0x00000000000002ac
Event: 0.461 Thread 0x000001f04281db60 Uncommon trap: reason=bimorphic_or_optimized_type_check action=maybe_recompile pc=0x000001f04f2dec6c method=java.util.HashMap.getNode(Ljava/lang/Object;)Ljava/util/HashMap$Node; @ 128 c2
Event: 0.461 Thread 0x000001f04281db60 DEOPT PACKING pc=0x000001f04f2dec6c sp=0x0000003381ffd820
Event: 0.461 Thread 0x000001f04281db60 DEOPT UNPACKING pc=0x000001f04ed569a3 sp=0x0000003381ffd798 mode 2

Classes unloaded (0 events):
No events

Classes redefined (0 events):
No events

Internal exceptions (18 events):
Event: 0.106 Thread 0x000001f04281db60 Exception <a 'java/lang/NoSuchMethodError'{0x00000000e7e9f950}: 'void java.lang.invoke.DirectMethodHandle$Holder.invokeInterface(java.lang.Object, java.lang.Object, java.lang.Object)'> (0x00000000e7e9f950) 
thrown [s\src\hotspot\share\interpreter\linkResolver.cpp, line 771]
Event: 0.139 Thread 0x000001f04281db60 Exception <a 'java/lang/NoSuchMethodError'{0x00000000e7df3f68}: 'java.lang.Object java.lang.invoke.DirectMethodHandle$Holder.invokeStaticInit(java.lang.Object)'> (0x00000000e7df3f68) 
thrown [s\src\hotspot\share\interpreter\linkResolver.cpp, line 771]
Event: 0.140 Thread 0x000001f04281db60 Exception <a 'java/lang/NoSuchMethodError'{0x00000000e7df9f38}: 'java.lang.Object java.lang.invoke.Invokers$Holder.invoke_MT(java.lang.Object, java.lang.Object, java.lang.Object)'> (0x00000000e7df9f38) 
thrown [s\src\hotspot\share\interpreter\linkResolver.cpp, line 771]
Event: 0.192 Thread 0x000001f04281db60 Exception <a 'java/lang/NoSuchMethodError'{0x00000000e7bfed98}: static Ljava/lang/Object;.<clinit>()V> (0x00000000e7bfed98) 
thrown [s\src\hotspot\share\prims\jni.cpp, line 1108]
Event: 0.205 Thread 0x000001f04281db60 Exception <a 'java/lang/NoSuchMethodError'{0x00000000e7a5e618}: static Lorg/gradle/api/internal/tasks/testing/junitplatform/JUnitPlatformTestClassProcessorFactory;.<clinit>()V> (0x00000000e7a5e618) 
thrown [s\src\hotspot\share\prims\jni.cpp, line 1108]
Event: 0.206 Thread 0x000001f04281db60 Exception <a 'java/lang/NoSuchMethodError'{0x00000000e7a6c7b0}: static Lorg/gradle/api/internal/tasks/testing/junitplatform/JUnitPlatformSpec;.<clinit>()V> (0x00000000e7a6c7b0) 
thrown [s\src\hotspot\share\prims\jni.cpp, line 1108]
Event: 0.208 Thread 0x000001f04281db60 Exception <a 'java/lang/NoSuchMethodError'{0x00000000e7a89030}: static Lorg/gradle/api/internal/tasks/testing/filter/TestFilterSpec;.<clinit>()V> (0x00000000e7a89030) 
thrown [s\src\hotspot\share\prims\jni.cpp, line 1108]
Event: 0.248 Thread 0x000001f04281db60 Exception <a 'java/lang/NoSuchMethodError'{0x00000000e78883f8}: 'java.lang.Object java.lang.invoke.DirectMethodHandle$Holder.invokeVirtual(java.lang.Object, java.lang.Object, java.lang.Object, java.lang.Object, java.lang.Object, java.lang.Object, java.lang.Object)'> (0x00000000e78883f8) 
thrown [s\src\hotspot\share\interpreter\linkResolver.cpp, line 771]
Event: 0.249 Thread 0x000001f04281db60 Exception <a 'java/lang/NoSuchMethodError'{0x00000000e7899888}: 'java.lang.Object java.lang.invoke.Invokers$Holder.invoker(java.lang.Object, java.lang.Object, java.lang.Object)'> (0x00000000e7899888) 
thrown [s\src\hotspot\share\interpreter\linkResolver.cpp, line 771]
Event: 0.250 Thread 0x000001f04281db60 Exception <a 'java/lang/NoSuchMethodError'{0x00000000e78a1d10}: 'java.lang.Object java.lang.invoke.DirectMethodHandle$Holder.invokeStatic(java.lang.Object, java.lang.Object, int)'> (0x00000000e78a1d10) 
thrown [s\src\hotspot\share\interpreter\linkResolver.cpp, line 771]
Event: 0.251 Thread 0x000001f04281db60 Exception <a 'java/lang/NoSuchMethodError'{0x00000000e78ada00}: 'void java.lang.invoke.DelegatingMethodHandle$Holder.delegate(java.lang.Object, java.lang.Object, int, java.lang.Object)'> (0x00000000e78ada00) 
thrown [s\src\hotspot\share\interpreter\linkResolver.cpp, line 771]
Event: 0.251 Thread 0x000001f04281db60 Exception <a 'java/lang/NoSuchMethodError'{0x00000000e78b1bb8}: 'int java.lang.invoke.DirectMethodHandle$Holder.invokeSpecial(java.lang.Object, java.lang.Object, java.lang.Object)'> (0x00000000e78b1bb8) 
thrown [s\src\hotspot\share\interpreter\linkResolver.cpp, line 771]
Event: 0.253 Thread 0x000001f04281db60 Exception <a 'java/lang/NoSuchMethodError'{0x00000000e78c4d38}: 'java.lang.Object java.lang.invoke.Invokers$Holder.invokeExact_MT(java.lang.Object, java.lang.Object, java.lang.Object, java.lang.Object)'> (0x00000000e78c4d38) 
thrown [s\src\hotspot\share\interpreter\linkResolver.cpp, line 771]
Event: 0.342 Thread 0x000001f04281db60 Exception <a 'java/lang/NoSuchMethodError'{0x00000000e7342718}: 'java.lang.Object java.lang.invoke.DirectMethodHandle$Holder.invokeStaticInit(java.lang.Object, int, int, int, int)'> (0x00000000e7342718) 
thrown [s\src\hotspot\share\interpreter\linkResolver.cpp, line 771]
Event: 0.413 Thread 0x000001f04281db60 Exception <a 'java/lang/NoSuchMethodError'{0x00000000e714e3d8}: 'java.lang.Object java.lang.invoke.DirectMethodHandle$Holder.invokeStaticInit(java.lang.Object, java.lang.Object, int, int, int, int)'> (0x00000000e714e3d8) 
thrown [s\src\hotspot\share\interpreter\linkResolver.cpp, line 771]
Event: 0.449 Thread 0x000001f04281db60 Exception <a 'java/lang/NoSuchMethodError'{0x00000000e6f72f28}: 'void java.lang.invoke.DirectMethodHandle$Holder.invokeStatic(java.lang.Object, java.lang.Object, java.lang.Object)'> (0x00000000e6f72f28) 
thrown [s\src\hotspot\share\interpreter\linkResolver.cpp, line 771]
Event: 0.463 Thread 0x000001f04281db60 Exception <a 'java/lang/NoSuchMethodError'{0x00000000e6e06598}: 'java.lang.Object java.lang.invoke.DirectMethodHandle$Holder.invokeVirtual(java.lang.Object, java.lang.Object, java.lang.Object)'> (0x00000000e6e06598) 
thrown [s\src\hotspot\share\interpreter\linkResolver.cpp, line 771]
Event: 0.465 Thread 0x000001f04281db60 Exception <a 'java/lang/NoSuchMethodError'{0x00000000e6e18270}: 'void java.lang.invoke.DirectMethodHandle$Holder.invokeInterface(java.lang.Object, java.lang.Object)'> (0x00000000e6e18270) 
thrown [s\src\hotspot\share\interpreter\linkResolver.cpp, line 771]

VM Operations (20 events):
Event: 0.112 Executing VM operation: HandshakeAllThreads
Event: 0.112 Executing VM operation: HandshakeAllThreads done
Event: 0.166 Executing VM operation: HandshakeAllThreads
Event: 0.166 Executing VM operation: HandshakeAllThreads done
Event: 0.168 Executing VM operation: HandshakeAllThreads
Event: 0.168 Executing VM operation: HandshakeAllThreads done
Event: 0.185 Executing VM operation: HandshakeAllThreads
Event: 0.185 Executing VM operation: HandshakeAllThreads done
Event: 0.225 Executing VM operation: HandshakeAllThreads
Event: 0.225 Executing VM operation: HandshakeAllThreads done
Event: 0.255 Executing VM operation: HandshakeAllThreads
Event: 0.255 Executing VM operation: HandshakeAllThreads done
Event: 0.357 Executing VM operation: HandshakeAllThreads
Event: 0.357 Executing VM operation: HandshakeAllThreads done
Event: 0.411 Executing VM operation: HandshakeAllThreads
Event: 0.411 Executing VM operation: HandshakeAllThreads done
Event: 0.439 Executing VM operation: HandshakeAllThreads
Event: 0.439 Executing VM operation: HandshakeAllThreads done
Event: 0.466 Executing VM operation: HandshakeAllThreads
Event: 0.466 Executing VM operation: HandshakeAllThreads done

Events (20 events):
Event: 0.457 loading class java/util/regex/Pattern$BmpCharProperty
Event: 0.457 loading class java/util/regex/Pattern$BmpCharProperty done
Event: 0.458 loading class java/util/stream/ReferencePipeline$2
Event: 0.458 loading class java/util/stream/ReferencePipeline$2 done
Event: 0.458 loading class java/util/stream/ReferencePipeline$2$1
Event: 0.458 loading class java/util/stream/ReferencePipeline$2$1 done
Event: 0.458 loading class java/util/Spliterators$IteratorSpliterator
Event: 0.459 loading class java/util/Spliterators$IteratorSpliterator done
Event: 0.460 loading class java/util/stream/ForEachOps
Event: 0.460 loading class java/util/stream/ForEachOps done
Event: 0.460 loading class java/util/stream/ForEachOps$ForEachOp$OfRef
Event: 0.460 loading class java/util/stream/ForEachOps$ForEachOp
Event: 0.460 loading class java/util/stream/ForEachOps$ForEachOp done
Event: 0.460 loading class java/util/stream/ForEachOps$ForEachOp$OfRef done
Event: 0.465 loading class sun/invoke/util/VerifyAccess$1
Event: 0.465 loading class sun/invoke/util/VerifyAccess$1 done
Event: 0.466 loading class jdk/internal/loader/URLClassPath$FileLoader$1
Event: 0.466 loading class jdk/internal/loader/URLClassPath$FileLoader$1 done
Event: 0.467 loading class java/net/URISyntaxException
Event: 0.467 loading class java/net/URISyntaxException done


Dynamic libraries:
0x00007ff6bf9c0000 - 0x00007ff6bf9ca000 	C:\Users\Лев\.jdks\jbr-17.0.8\bin\java.exe
0x00007ff83b650000 - 0x00007ff83b848000 	C:\WINDOWS\SYSTEM32\ntdll.dll
0x00007ff839800000 - 0x00007ff8398c2000 	C:\WINDOWS\System32\KERNEL32.DLL
0x00007ff839160000 - 0x00007ff83945f000 	C:\WINDOWS\System32\KERNELBASE.dll
0x00007ff839540000 - 0x00007ff839640000 	C:\WINDOWS\System32\ucrtbase.dll
0x00007ff828330000 - 0x00007ff82834b000 	C:\Users\Лев\.jdks\jbr-17.0.8\bin\VCRUNTIME140.dll
0x00007ff8206b0000 - 0x00007ff8206c7000 	C:\Users\Лев\.jdks\jbr-17.0.8\bin\jli.dll
0x00007ff8398f0000 - 0x00007ff839a8d000 	C:\WINDOWS\System32\USER32.dll
0x00007ff839640000 - 0x00007ff839662000 	C:\WINDOWS\System32\win32u.dll
0x00007ff82dda0000 - 0x00007ff82e03a000 	C:\WINDOWS\WinSxS\amd64_microsoft.windows.common-controls_6595b64144ccf1df_6.0.19041.4355_none_60b8b9eb71f62e16\COMCTL32.dll
0x00007ff839700000 - 0x00007ff83972b000 	C:\WINDOWS\System32\GDI32.dll
0x00007ff838cf0000 - 0x00007ff838e0a000 	C:\WINDOWS\System32\gdi32full.dll
0x00007ff839a90000 - 0x00007ff839b2e000 	C:\WINDOWS\System32\msvcrt.dll
0x00007ff8390c0000 - 0x00007ff83915d000 	C:\WINDOWS\System32\msvcp_win.dll
0x00007ff83ae40000 - 0x00007ff83ae6f000 	C:\WINDOWS\System32\IMM32.DLL
0x00007ff834960000 - 0x00007ff83496c000 	C:\Users\Лев\.jdks\jbr-17.0.8\bin\vcruntime140_1.dll
0x00007ff80f490000 - 0x00007ff80f51d000 	C:\Users\Лев\.jdks\jbr-17.0.8\bin\msvcp140.dll
0x00007fffe20b0000 - 0x00007fffe2d33000 	C:\Users\Лев\.jdks\jbr-17.0.8\bin\server\jvm.dll
0x00007ff83b3a0000 - 0x00007ff83b44f000 	C:\WINDOWS\System32\ADVAPI32.dll
0x00007ff83a4e0000 - 0x00007ff83a57f000 	C:\WINDOWS\System32\sechost.dll
0x00007ff83a580000 - 0x00007ff83a6a3000 	C:\WINDOWS\System32\RPCRT4.dll
0x00007ff839460000 - 0x00007ff839487000 	C:\WINDOWS\System32\bcrypt.dll
0x00007ff838280000 - 0x00007ff8382cb000 	C:\WINDOWS\SYSTEM32\POWRPROF.dll
0x00007ff820770000 - 0x00007ff820779000 	C:\WINDOWS\SYSTEM32\WSOCK32.dll
0x00007ff832fd0000 - 0x00007ff832fda000 	C:\WINDOWS\SYSTEM32\VERSION.dll
0x00007ff82b5c0000 - 0x00007ff82b5e7000 	C:\WINDOWS\SYSTEM32\WINMM.dll
0x00007ff839b90000 - 0x00007ff839bfb000 	C:\WINDOWS\System32\WS2_32.dll
0x00007ff8380f0000 - 0x00007ff838102000 	C:\WINDOWS\SYSTEM32\UMPDC.dll
0x00007ff836b90000 - 0x00007ff836ba2000 	C:\WINDOWS\SYSTEM32\kernel.appcore.dll
0x00007ff8344c0000 - 0x00007ff8344ca000 	C:\Users\Лев\.jdks\jbr-17.0.8\bin\jimage.dll
0x00007ff8268a0000 - 0x00007ff826a84000 	C:\WINDOWS\SYSTEM32\DBGHELP.DLL
0x00007ff8182b0000 - 0x00007ff8182e4000 	C:\WINDOWS\SYSTEM32\dbgcore.DLL
0x00007ff839030000 - 0x00007ff8390b2000 	C:\WINDOWS\System32\bcryptPrimitives.dll
0x00007ff819e50000 - 0x00007ff819e75000 	C:\Users\Лев\.jdks\jbr-17.0.8\bin\java.dll
0x00007ff81e270000 - 0x00007ff81e288000 	C:\Users\Лев\.jdks\jbr-17.0.8\bin\zip.dll
0x00007ff80f3b0000 - 0x00007ff80f487000 	C:\Users\Лев\.jdks\jbr-17.0.8\bin\jsvml.dll
0x00007ff839ce0000 - 0x00007ff83a44d000 	C:\WINDOWS\System32\SHELL32.dll
0x00007ff836d90000 - 0x00007ff837534000 	C:\WINDOWS\SYSTEM32\windows.storage.dll
0x00007ff83a9b0000 - 0x00007ff83ad05000 	C:\WINDOWS\System32\combase.dll
0x00007ff838720000 - 0x00007ff83874b000 	C:\WINDOWS\SYSTEM32\Wldp.dll
0x00007ff839730000 - 0x00007ff8397fd000 	C:\WINDOWS\System32\OLEAUT32.dll
0x00007ff83a720000 - 0x00007ff83a7cd000 	C:\WINDOWS\System32\SHCORE.dll
0x00007ff83a6b0000 - 0x00007ff83a705000 	C:\WINDOWS\System32\shlwapi.dll
0x00007ff838c20000 - 0x00007ff838c45000 	C:\WINDOWS\SYSTEM32\profapi.dll
0x00007ff81dfa0000 - 0x00007ff81dfb9000 	C:\Users\Лев\.jdks\jbr-17.0.8\bin\net.dll
0x00007ff833790000 - 0x00007ff83389a000 	C:\WINDOWS\SYSTEM32\WINHTTP.dll
0x00007ff838480000 - 0x00007ff8384ec000 	C:\WINDOWS\system32\mswsock.dll
0x00007ff81bea0000 - 0x00007ff81beb6000 	C:\Users\Лев\.jdks\jbr-17.0.8\bin\nio.dll
0x00007ff828170000 - 0x00007ff828180000 	C:\Users\Лев\.jdks\jbr-17.0.8\bin\verify.dll
0x00007ff8282d0000 - 0x00007ff8282de000 	C:\Users\Лев\.jdks\jbr-17.0.8\bin\sunmscapi.dll
0x00007ff838e80000 - 0x00007ff838fdc000 	C:\WINDOWS\System32\CRYPT32.dll
0x00007ff838790000 - 0x00007ff8387b7000 	C:\WINDOWS\SYSTEM32\ncrypt.dll
0x00007ff838750000 - 0x00007ff83878b000 	C:\WINDOWS\SYSTEM32\NTASN1.dll
0x00007ff80bd20000 - 0x00007ff80bd27000 	C:\WINDOWS\system32\wshunix.dll
0x00007ff838670000 - 0x00007ff838688000 	C:\WINDOWS\SYSTEM32\CRYPTSP.dll
0x00007ff837d30000 - 0x00007ff837d68000 	C:\WINDOWS\system32\rsaenh.dll
0x00007ff838ba0000 - 0x00007ff838bce000 	C:\WINDOWS\SYSTEM32\USERENV.dll
0x00007ff838690000 - 0x00007ff83869c000 	C:\WINDOWS\SYSTEM32\CRYPTBASE.dll
0x00007ff838110000 - 0x00007ff83814b000 	C:\WINDOWS\SYSTEM32\IPHLPAPI.DLL
0x00007ff839670000 - 0x00007ff839678000 	C:\WINDOWS\System32\NSI.dll
0x00007ff833b30000 - 0x00007ff833b47000 	C:\WINDOWS\SYSTEM32\dhcpcsvc6.DLL
0x00007ff8339f0000 - 0x00007ff833a0d000 	C:\WINDOWS\SYSTEM32\dhcpcsvc.DLL
0x00007ff838160000 - 0x00007ff83822a000 	C:\WINDOWS\SYSTEM32\DNSAPI.dll

dbghelp: loaded successfully - version: 4.0.5 - missing functions: none
symbol engine: initialized successfully - sym options: 0x614 - pdb path: .;C:\Users\Лев\.jdks\jbr-17.0.8\bin;C:\WINDOWS\SYSTEM32;C:\WINDOWS\WinSxS\amd64_microsoft.windows.common-controls_6595b64144ccf1df_6.0.19041.4355_none_60b8b9eb71f62e16;C:\Users\Лев\.jdks\jbr-17.0.8\bin\server

VM Arguments:
jvm_args: -Dorg.gradle.internal.worker.tmpdir=C:\Users\Лев\IdeaProjects\TicketTerminal\build\tmp\test\work -Dorg.gradle.native=false -Xmx512m -Dfile.encoding=windows-1251 -Duser.country=RU -Duser.language=ru -Duser.variant -ea 
java_command: worker.org.gradle.process.internal.worker.GradleWorkerMain 'Gradle Test Executor 27'
java_class_path (initial): C:\\Users\\Лев\\.gradle\\caches\\8.2\\workerMain\\gradle-worker.jar;C:\\Users\\Лев\\IdeaProjects\\TicketTerminal\\build\\classes\\java\\test;C:\\Users\\Лев\\IdeaProjects\\TicketTerminal\\build\\classes\\java\\main;C:\\Users\\Лев\\.gradle\\caches\\modules-2\\files-2.1\\org.junit.platform\\junit-platform-engine\\1.7.0\\eadb73c5074a4ac71061defd00fc176152a4d12c\\junit-platform-engine-1.7.0.jar;C:\\Users\\Лев\\.gradle\\caches\\modules-2\\files-2.1\\org.junit.platform\\junit-platform-commons\\1.7.0\\84e309fbf21d857aac079a3c1fffd84284e1114d\\junit-platform-commons-1.7.0.jar;C:\\Users\\Лев\\.gradle\\caches\\modules-2\\files-2.1\\org.junit.jupiter\\junit-jupiter-engine\\5.7.0\\d9044d6b45e2232ddd53fa56c15333e43d1749fd\\junit-jupiter-engine-5.7.0.jar;C:\\Users\\Лев\\.gradle\\caches\\modules-2\\files-2.1\\org.junit.jupiter\\junit-jupiter-api\\5.7.0\\b25f3815c4c1860a73041e733a14a0379d00c4d5\\junit-jupiter-api-5.7.0.jar;C:\\Users\\Лев\\.gradle\\caches\\modules-2\\files-2.1\\org.apiguardian\\apiguardian-api\\1.1.0\\fc9dff4bb36d627bdc553de77e1f17efd790876c\\apiguardian-api-1.1.0.jar;C:\\Users\\Лев\\.gradle\\caches\\modules-2\\files-2.1\\org.opentest4j\\opentest4j\\1.2.0\\28c11eb91f9b6d8e200631d46e20a7f407f2a046\\opentest4j-1.2.0.jar;C:\\Users\\Лев\\.gradle\\wrapper\\dists\\gradle-8.2-bin\\bbg7u40eoinfdyxsxr3z4i7ta\\gradle-8.2\\lib\\plugins\\junit-platform-engine-1.8.2.jar;C:\\Users\\Лев\\.gradle\\wrapper\\dists\\gradle-8.2-bin\\bbg7u40eoinfdyxsxr3z4i7ta\\gradle-8.2\\lib\\plugins\\junit-platform-launcher-1.8.2.jar;C:\\Users\\Лев\\.gradle\\wrapper\\dists\\gradle-8.2-bin\\bbg7u40eoinfdyxsxr3z4i7ta\\gradle-8.2\\lib\\plugins\\junit-platform-commons-1.8.2.jar
Launcher Type: SUN_STANDARD

[Global flags]
     intx CICompilerCount                          = 4                                         {product} {ergonomic}
     uint ConcGCThreads                            = 3                                         {product} {ergonomic}
     uint G1ConcRefinementThreads                  = 10                                        {product} {ergonomic}
   size_t G1HeapRegionSize                         = 1048576                                   {product} {ergonomic}
    uintx GCDrainStackTargetSize                   = 64                                        {product} {ergonomic}
   size_t InitialHeapSize                          = 134217728                                 {product} {ergonomic}
   size_t MarkStackSize                            = 4194304                                   {product} {ergonomic}
   size_t MaxHeapSize                              = 536870912                                 {product} {command line}
   size_t MaxNewSize                               = 321912832                                 {product} {ergonomic}
   size_t MinHeapDeltaBytes                        = 1048576                                   {product} {ergonomic}
   size_t MinHeapSize                              = 8388608                                   {product} {ergonomic}
    uintx NonNMethodCodeHeapSize                   = 5839372                                {pd product} {ergonomic}
    uintx NonProfiledCodeHeapSize                  = 122909434                              {pd product} {ergonomic}
    uintx ProfiledCodeHeapSize                     = 122909434                              {pd product} {ergonomic}
    uintx ReservedCodeCacheSize                    = 251658240                              {pd product} {ergonomic}
     bool SegmentedCodeCache                       = true                                      {product} {ergonomic}
   size_t SoftMaxHeapSize                          = 536870912                              {manageable} {ergonomic}
     bool UseCompressedClassPointers               = true                           {product lp64_product} {ergonomic}
     bool UseCompressedOops                        = true                           {product lp64_product} {ergonomic}
     bool UseG1GC                                  = true                                      {product} {ergonomic}
     bool UseLargePagesIndividualAllocation        = false                                  {pd product} {ergonomic}

Logging:
Log output configuration:
 #0: stdout all=warning uptime,level,tags
 #1: stderr all=off uptime,level,tags

Environment Variables:
PATH=C:\Program Files (x86)\NVIDIA Corporation\PhysX\Common;C:\ProgramData\Oracle\Java\javapath;C:\Program Files (x86)\Common Files\Oracle\Java\javapath;C:\WINDOWS\system32;C:\WINDOWS;C:\WINDOWS\System32\Wbem;C:\WINDOWS\System32\WindowsPowerShell\v1.0\;C:\WINDOWS\System32\OpenSSH\;C:\Program Files\Docker\Docker\resources\bin;C:\Program Files\Git\cmd;C:\Users\Лев\AppData\Local\Programs\Python\Python312\Scripts\;C:\Users\Лев\AppData\Local\Programs\Python\Python312\;C:\Users\Лев\AppData\Local\Programs\Python\Launcher\;C:\Users\Лев\AppData\Local\Microsoft\WindowsApps;
USERNAME=Лев
OS=Windows_NT
PROCESSOR_IDENTIFIER=AMD64 Family 23 Model 113 Stepping 0, AuthenticAMD
TMP=C:\Users\A04D~1\AppData\Local\Temp
TEMP=C:\Users\A04D~1\AppData\Local\Temp


JNI global refs:
JNI global refs: 18, weak refs: 0

JNI global refs memory usage: 843, weak refs: 841

OOME stack traces (most recent first):
Classloader memory used:
Loader bootstrap                                                                       : 1605K
Loader java.net.URLClassLoader                                                         : 202K
Loader jdk.internal.loader.ClassLoaders$AppClassLoader                                 : 126K
Loader jdk.internal.loader.ClassLoaders$PlatformClassLoader                            : 19548B
Loader jdk.internal.reflect.DelegatingClassLoader                                      : 5509B


---------------  S Y S T E M  ---------------

OS:
 Windows 10 , 64 bit Build 19041 (10.0.19041.5438)
OS uptime: 0 days 9:18 hours

CPU: total 12 (initial active 12) (12 cores per cpu, 2 threads per core) family 23 model 113 stepping 0 microcode 0x0, cx8, cmov, fxsr, ht, mmx, 3dnowpref, sse, sse2, sse3, ssse3, sse4a, sse4.1, sse4.2, popcnt, lzcnt, tsc, tscinvbit, avx, avx2, aes, clmul, bmi1, bmi2, adx, sha, fma, vzeroupper, clflush, clflushopt
Processor Information for processor 0
  Max Mhz: 3600, Current Mhz: 3600, Mhz Limit: 3600
Processor Information for processor 1
  Max Mhz: 3600, Current Mhz: 3600, Mhz Limit: 3600
Processor Information for processor 2
  Max Mhz: 3600, Current Mhz: 3600, Mhz Limit: 3600
Processor Information for processor 3
  Max Mhz: 3600, Current Mhz: 3600, Mhz Limit: 3600
Processor Information for processor 4
  Max Mhz: 3600, Current Mhz: 3600, Mhz Limit: 3600
Processor Information for processor 5
  Max Mhz: 3600, Current Mhz: 3600, Mhz Limit: 3600
Processor Information for processor 6
  Max Mhz: 3600, Current Mhz: 2205, Mhz Limit: 3600
Processor Information for processor 7
  Max Mhz: 3600, Current Mhz: 2205, Mhz Limit: 3600
Processor Information for processor 8
  Max Mhz: 3600, Current Mhz: 3600, Mhz Limit: 3600
Processor Information for processor 9
  Max Mhz: 3600, Current Mhz: 3600, Mhz Limit: 3600
Processor Information for processor 10
  Max Mhz: 3600, Current Mhz: 2205, Mhz Limit: 3600
Processor Information for processor 11
  Max Mhz: 3600, Current Mhz: 2205, Mhz Limit: 3600

Memory: 4k page, system-wide physical 8136M (1120M free)
TotalPageFile size 10184M (AvailPageFile size 5M)
current process WorkingSet (physical memory assigned to process): 85M, peak: 85M
current process commit charge ("private bytes"): 234M, peak: 235M

vm_info: OpenJDK 64-Bit Server VM (17.0.8+7-b1000.22) for windows-amd64 JRE (17.0.8+7-b1000.22), built on 2023-09-02 by "builduser" with MS VC++ 16.10 / 16.11 (VS2019)

END.
